<?xml version="1.0" encoding="UTF-8"?>
<!-- Generated by org.testng.reporters.JUnitReportReporter -->
<testsuite hostname="DESKTOP-BDCU2EV" failures="0" tests="1" name="parallelexecutionClasses.addnationality" time="29.436" errors="0" timestamp="2023-02-17T10:52:56 IST" skipped="0">
  <testcase classname="parallelexecutionClasses.addnationality" name="f" time="29.436"/>
  <system-out/>
</testsuite> <!-- parallelexecutionClasses.addnationality -->
