<?xml version="1.0" encoding="UTF-8"?>
<!-- Generated by org.testng.reporters.JUnitReportReporter -->
<testsuite hostname="DESKTOP-BDCU2EV" failures="0" tests="2" name="A2_May16.TC02" time="0.015" errors="0" timestamp="2023-05-16T11:03:00 IST" skipped="0">
  <testcase classname="A2_May16.TC02" name="MainTest2" time="0.003"/>
  <system-out/>
  <testcase classname="A2_May16.TC02" name="MainTest1" time="0.012"/>
  <system-out/>
</testsuite> <!-- A2_May16.TC02 -->
