<?xml version="1.0" encoding="UTF-8"?>
<!-- Generated by org.testng.reporters.JUnitReportReporter -->
<testsuite hostname="DESKTOP-BDCU2EV" failures="0" tests="1" name="Day_011_Katalon_Recorder.AddSkills" time="15.279" errors="0" timestamp="2022-07-22T10:54:39 IST" skipped="0">
  <testcase classname="Day_011_Katalon_Recorder.AddSkills" name="AddSkills" time="15.279"/>
  <system-out/>
</testsuite> <!-- Day_011_Katalon_Recorder.AddSkills -->
