<?xml version="1.0" encoding="UTF-8"?>
<!-- Generated by org.testng.reporters.JUnitReportReporter -->
<testsuite hostname="DESKTOP-BDCU2EV" failures="0" tests="1" name="ABC_Data_Hai.TC01_Add_jobs3" time="12.507" errors="0" timestamp="2022-11-02T10:16:53 IST" skipped="0">
  <testcase classname="ABC_Data_Hai.TC01_Add_jobs3" name="JobsTest" time="12.507"/>
  <system-out/>
</testsuite> <!-- ABC_Data_Hai.TC01_Add_jobs3 -->
