<?xml version="1.0" encoding="UTF-8"?>
<!-- Generated by org.testng.reporters.JUnitReportReporter -->
<testsuite hostname="DESKTOP-BDCU2EV" failures="0" tests="1" name="A_Brokenlink.broken_link" time="13.187" errors="0" timestamp="2023-03-03T11:19:04 IST" skipped="0">
  <testcase classname="A_Brokenlink.broken_link" name="sample" time="13.187"/>
  <system-out/>
</testsuite> <!-- A_Brokenlink.broken_link -->
