<?xml version="1.0" encoding="UTF-8"?>
<!-- Generated by org.testng.reporters.JUnitReportReporter -->
<testsuite hostname="DESKTOP-BDCU2EV" failures="0" tests="1" name="Day_015_ParallelTests.TC01_Add_Nationality" time="6.107" errors="0" timestamp="2022-09-29T10:33:48 IST" skipped="0">
  <testcase classname="Day_015_ParallelTests.TC01_Add_Nationality" name="Open_Mercury" time="6.107"/>
  <system-out/>
</testsuite> <!-- Day_015_ParallelTests.TC01_Add_Nationality -->
