<?xml version="1.0" encoding="UTF-8"?>
<!-- Generated by org.testng.reporters.JUnitReportReporter -->
<testsuite hostname="DESKTOP-BDCU2EV" failures="0" tests="3" name="A_dataprovider.valuesfromexcel" time="38.914" errors="0" timestamp="2023-02-23T11:17:41 IST" skipped="0">
  <testcase classname="A_dataprovider.valuesfromexcel" name="Addskills" time="12.919"/>
  <system-out/>
  <testcase classname="A_dataprovider.valuesfromexcel" name="Addskills" time="12.641"/>
  <system-out/>
  <testcase classname="A_dataprovider.valuesfromexcel" name="Addskills" time="13.354"/>
  <system-out/>
</testsuite> <!-- A_dataprovider.valuesfromexcel -->
