<?xml version="1.0" encoding="UTF-8"?>
<!-- Generated by org.testng.reporters.JUnitReportReporter -->
<testsuite hostname="DESKTOP-C185PLQ" failures="0" tests="1" name="File_upload.upload1" time="18.232" errors="0" timestamp="2023-07-05T15:04:17 IST" skipped="0">
  <testcase classname="File_upload.upload1" name="f" time="18.232"/>
</testsuite> <!-- File_upload.upload1 -->
