<?xml version="1.0" encoding="UTF-8"?>
<!-- Generated by org.testng.reporters.JUnitReportReporter -->
<testsuite hostname="DESKTOP-BDCU2EV" failures="0" tests="1" name="Day_003_Locators.TC05_partialLinkText" time="16.154" errors="0" timestamp="2022-09-03T10:38:15 IST" skipped="0">
  <testcase classname="Day_003_Locators.TC05_partialLinkText" name="testTC02" time="16.154"/>
  <system-out/>
</testsuite> <!-- Day_003_Locators.TC05_partialLinkText -->
