<?xml version="1.0" encoding="UTF-8"?>
<!-- Generated by org.testng.reporters.JUnitReportReporter -->
<testsuite hostname="DESKTOP-BDCU2EV" failures="0" tests="1" name="actionsclass.draganddrop" time="11.531" errors="0" timestamp="2023-02-04T10:28:33 IST" skipped="0">
  <testcase classname="actionsclass.draganddrop" name="sample" time="11.531"/>
  <system-out/>
</testsuite> <!-- actionsclass.draganddrop -->
