<?xml version="1.0" encoding="UTF-8"?>
<!-- Generated by org.testng.reporters.JUnitReportReporter -->
<testsuite hostname="DESKTOP-BDCU2EV" failures="0" tests="1" name="ABC_Demo114.TC01_Login" time="5.496" errors="0" timestamp="2022-08-23T17:17:46 IST" skipped="0">
  <testcase classname="ABC_Demo114.TC01_Login" name="LoginTest" time="5.496"/>
  <system-out/>
</testsuite> <!-- ABC_Demo114.TC01_Login -->
