<?xml version="1.0" encoding="UTF-8"?>
<!-- Generated by org.testng.reporters.JUnitReportReporter -->
<testsuite hostname="DESKTOP-BDCU2EV" failures="0" tests="1" name="A_javascriptexe.pageup_pagedown" time="10.584" errors="0" timestamp="2023-02-09T10:57:35 IST" skipped="0">
  <testcase classname="A_javascriptexe.pageup_pagedown" name="samp" time="10.584"/>
  <system-out/>
</testsuite> <!-- A_javascriptexe.pageup_pagedown -->
