<?xml version="1.0" encoding="UTF-8"?>
<!-- Generated by org.testng.reporters.JUnitReportReporter -->
<testsuite hostname="DESKTOP-BDCU2EV" failures="0" tests="1" name="Day_36_Desired_Capabilities.IEtestforDesiredCapabilities" time="15.817" errors="0" timestamp="2022-03-03T09:55:18 IST" skipped="0">
  <testcase classname="Day_36_Desired_Capabilities.IEtestforDesiredCapabilities" name="Open_OrangeHRM" time="15.817"/>
  <system-out/>
</testsuite> <!-- Day_36_Desired_Capabilities.IEtestforDesiredCapabilities -->
