<?xml version="1.0" encoding="UTF-8"?>
<!-- Generated by org.testng.reporters.JUnitReportReporter -->
<testsuite hostname="DESKTOP-BDCU2EV" failures="0" tests="1" name="Day001.TC01_Sum_Numbers" time="0.027" errors="0" timestamp="2022-08-30T10:38:02 IST" skipped="0">
  <testcase classname="Day001.TC01_Sum_Numbers" name="Test1" time="0.027"/>
  <system-out/>
</testsuite> <!-- Day001.TC01_Sum_Numbers -->
