<?xml version="1.0" encoding="UTF-8"?>
<!-- Generated by org.testng.reporters.JUnitReportReporter -->
<testsuite hostname="DESKTOP-BDCU2EV" failures="0" tests="1" name="A_Waits.Fluentwait" time="7.204" errors="0" timestamp="2022-12-21T10:33:11 IST" skipped="0">
  <testcase classname="A_Waits.Fluentwait" name="f" time="7.204"/>
  <system-out/>
</testsuite> <!-- A_Waits.Fluentwait -->
