<?xml version="1.0" encoding="UTF-8"?>
<!-- Generated by org.testng.reporters.JUnitReportReporter -->
<testsuite hostname="DESKTOP-C185PLQ" failures="0" tests="1" name="A3_May17.TC01_Skills_Non_Static" time="32.519" errors="0" timestamp="2023-06-18T11:07:51 IST" skipped="0">
  <testcase classname="A3_May17.TC01_Skills_Non_Static" name="MainTest1" time="32.519"/>
  <system-out/>
</testsuite> <!-- A3_May17.TC01_Skills_Non_Static -->
