<?xml version="1.0" encoding="UTF-8"?>
<!-- Generated by org.testng.reporters.JUnitReportReporter -->
<testsuite hostname="DESKTOP-BDCU2EV" failures="0" tests="1" name="Day005.TC01_Add_Jobs" time="17.090" errors="0" timestamp="2022-09-08T10:27:19 IST" skipped="0">
  <testcase classname="Day005.TC01_Add_Jobs" name="JobsTest" time="17.090"/>
  <system-out/>
</testsuite> <!-- Day005.TC01_Add_Jobs -->
