<?xml version="1.0" encoding="UTF-8"?>
<!-- Generated by org.testng.reporters.JUnitReportReporter -->
<testsuite hostname="DESKTOP-BDCU2EV" failures="0" tests="1" name="ABC_Data_Hai.TC01_Add_Skills_NonStatic_Parametrs" time="11.956" errors="0" timestamp="2022-11-02T10:39:54 IST" skipped="0">
  <testcase classname="ABC_Data_Hai.TC01_Add_Skills_NonStatic_Parametrs" name="SkilsTest" time="11.956"/>
  <system-out/>
</testsuite> <!-- ABC_Data_Hai.TC01_Add_Skills_NonStatic_Parametrs -->
