<?xml version="1.0" encoding="UTF-8"?>
<!-- Generated by org.testng.reporters.JUnitReportReporter -->
<testsuite hostname="DESKTOP-BDCU2EV" failures="0" tests="2" name="A_dataprovider.valuebrowser" time="83.161" errors="0" timestamp="2023-02-23T11:23:46 IST" skipped="0">
  <testcase classname="A_dataprovider.valuebrowser" name="Addskills" time="44.005"/>
  <system-out/>
  <testcase classname="A_dataprovider.valuebrowser" name="Addskills" time="39.156"/>
  <system-out/>
</testsuite> <!-- A_dataprovider.valuebrowser -->
