<?xml version="1.0" encoding="UTF-8"?>
<!-- Generated by org.testng.reporters.JUnitReportReporter -->
<testsuite hostname="DESKTOP-BDCU2EV" failures="0" tests="1" name="Reporter_Example_Word.TC01_Add_Skills2" time="43.594" errors="0" timestamp="2022-12-08T11:37:00 IST" skipped="0">
  <testcase classname="Reporter_Example_Word.TC01_Add_Skills2" name="SkilsTest" time="43.594"/>
  <system-out/>
</testsuite> <!-- Reporter_Example_Word.TC01_Add_Skills2 -->
