<?xml version="1.0" encoding="UTF-8"?>
<!-- Generated by org.testng.reporters.JUnitReportReporter -->
<testsuite hostname="DESKTOP-BDCU2EV" failures="0" tests="1" name="A_Emailablereports.Addskills" time="15.856" errors="0" timestamp="2023-02-10T10:51:27 IST" skipped="0">
  <testcase classname="A_Emailablereports.Addskills" name="samp" time="15.856"/>
  <system-out>
    <![CDATA[passed opening browser
Passed opening url
passed login test
passed adding and saving skills
passed closing browser]]>
  </system-out>
</testsuite> <!-- A_Emailablereports.Addskills -->
