<?xml version="1.0" encoding="UTF-8"?>
<!-- Generated by org.testng.reporters.JUnitReportReporter -->
<testsuite hostname="DESKTOP-BDCU2EV" failures="0" tests="1" name="actionsclass.doubleclick" time="13.734" errors="0" timestamp="2023-02-04T10:21:35 IST" skipped="0">
  <testcase classname="actionsclass.doubleclick" name="mytest" time="13.734"/>
  <system-out/>
</testsuite> <!-- actionsclass.doubleclick -->
