<?xml version="1.0" encoding="UTF-8"?>
<!-- Generated by org.testng.reporters.JUnitReportReporter -->
<testsuite hostname="DESKTOP-VL2N6EH" failures="0" tests="1" name="Day_023_File_Upload_Download.TC05_DeleteFile" time="24.508" errors="0" timestamp="2020-02-21T18:59:21 IST" skipped="0">
  <testcase classname="Day_023_File_Upload_Download.TC05_DeleteFile" name="File_Download" time="24.508"/>
</testsuite> <!-- Day_023_File_Upload_Download.TC05_DeleteFile -->
