<?xml version="1.0" encoding="UTF-8"?>
<!-- Generated by org.testng.reporters.JUnitReportReporter -->
<testsuite hostname="DESKTOP-BDCU2EV" failures="0" tests="1" name="Day_023_File_Upload_Download.TC04_FileDownLoad2" time="23.429" errors="0" timestamp="2022-02-22T09:36:41 IST" skipped="0">
  <testcase classname="Day_023_File_Upload_Download.TC04_FileDownLoad2" name="File_Download" time="23.429"/>
  <system-out/>
</testsuite> <!-- Day_023_File_Upload_Download.TC04_FileDownLoad2 -->
