<?xml version="1.0" encoding="UTF-8"?>
<!-- Generated by org.testng.reporters.JUnitReportReporter -->
<testsuite hostname="DESKTOP-VL2N6EH" failures="0" tests="2" name="Day_007_TestNG_DataProvider_Lab3.TC02_Login_NonStatic_Paarameters" time="87.340" errors="0" timestamp="2020-03-02T20:57:51 IST" skipped="0">
  <testcase classname="Day_007_TestNG_DataProvider_Lab3.TC02_Login_NonStatic_Paarameters" name="Login_Test" time="44.198"/>
  <testcase classname="Day_007_TestNG_DataProvider_Lab3.TC02_Login_NonStatic_Paarameters" name="Login_Test" time="43.142"/>
</testsuite> <!-- Day_007_TestNG_DataProvider_Lab3.TC02_Login_NonStatic_Paarameters -->
