<?xml version="1.0" encoding="UTF-8"?>
<!-- Generated by org.testng.reporters.JUnitReportReporter -->
<testsuite hostname="DESKTOP-BDCU2EV" failures="0" tests="1" name="Day_029_PageObjectModel3.TC01_Add_Jobs" time="10.802" errors="0" timestamp="2022-08-04T10:36:40 IST" skipped="0">
  <testcase classname="Day_029_PageObjectModel3.TC01_Add_Jobs" name="JobsTest" time="10.802"/>
  <system-out/>
</testsuite> <!-- Day_029_PageObjectModel3.TC01_Add_Jobs -->
