<?xml version="1.0" encoding="UTF-8"?>
<!-- Generated by org.testng.reporters.JUnitReportReporter -->
<testsuite hostname="DESKTOP-BDCU2EV" failures="0" tests="1" name="ABC_Feb2_2023.TC01_Add_Skills1" time="14.440" errors="0" timestamp="2023-02-02T10:47:15 IST" skipped="0">
  <testcase classname="ABC_Feb2_2023.TC01_Add_Skills1" name="SkillsTest" time="14.440"/>
  <system-out/>
</testsuite> <!-- ABC_Feb2_2023.TC01_Add_Skills1 -->
