<?xml version="1.0" encoding="UTF-8"?>
<!-- Generated by org.testng.reporters.JUnitReportReporter -->
<testsuite hostname="DESKTOP-BDCU2EV" failures="0" tests="1" name="ABC_Demo118.TC01_Add_Skills" time="18.363" errors="0" timestamp="2022-03-19T09:38:51 IST" skipped="0">
  <testcase classname="ABC_Demo118.TC01_Add_Skills" name="SkillsTest" time="18.363"/>
  <system-out/>
</testsuite> <!-- ABC_Demo118.TC01_Add_Skills -->
