<?xml version="1.0" encoding="UTF-8"?>
<!-- Generated by org.testng.reporters.JUnitReportReporter -->
<testsuite hostname="DESKTOP-C185PLQ" failures="0" tests="1" name="Day_027_Alerts.DemoWebAlert" time="10.545" errors="0" timestamp="2023-06-23T16:04:10 IST" skipped="0">
  <testcase classname="Day_027_Alerts.DemoWebAlert" name="Test6" time="10.545"/>
  <system-out/>
</testsuite> <!-- Day_027_Alerts.DemoWebAlert -->
