<?xml version="1.0" encoding="UTF-8"?>
<!-- Generated by org.testng.reporters.JUnitReportReporter -->
<testsuite hostname="DESKTOP-BDCU2EV" failures="0" tests="1" name="A_dropdown.WithoutselectTag2" time="20.829" errors="0" timestamp="2022-12-10T09:51:16 IST" skipped="0">
  <testcase classname="A_dropdown.WithoutselectTag2" name="f" time="20.829"/>
  <system-out/>
</testsuite> <!-- A_dropdown.WithoutselectTag2 -->
