<?xml version="1.0" encoding="UTF-8"?>
<!-- Generated by org.testng.reporters.JUnitReportReporter -->
<testsuite hostname="DESKTOP-BDCU2EV" failures="0" tests="1" name="A_alerts.confirmalert11" time="9.094" errors="0" timestamp="2023-02-17T10:31:42 IST" skipped="0">
  <testcase classname="A_alerts.confirmalert11" name="samp" time="9.094"/>
  <system-out/>
</testsuite> <!-- A_alerts.confirmalert11 -->
