<?xml version="1.0" encoding="UTF-8"?>
<!-- Generated by org.testng.reporters.JUnitReportReporter -->
<testsuite hostname="DESKTOP-VL2N6EH" failures="0" tests="1" name="ABC_Demo10.TC01_Login_Static_Parameters" time="22.020" errors="0" timestamp="2020-02-25T19:58:04 IST" skipped="0">
  <testcase classname="ABC_Demo10.TC01_Login_Static_Parameters" name="logintest" time="22.020"/>
</testsuite> <!-- ABC_Demo10.TC01_Login_Static_Parameters -->
