<?xml version="1.0" encoding="UTF-8"?>
<!-- Generated by org.testng.reporters.JUnitReportReporter -->
<testsuite hostname="DESKTOP-BDCU2EV" failures="0" tests="1" name="A_dropdown.practicedropdown" time="16.442" errors="0" timestamp="2023-02-28T10:22:25 IST" skipped="0">
  <testcase classname="A_dropdown.practicedropdown" name="f" time="16.442"/>
  <system-out/>
</testsuite> <!-- A_dropdown.practicedropdown -->
