<?xml version="1.0" encoding="UTF-8"?>
<!-- Generated by org.testng.reporters.JUnitReportReporter -->
<testsuite hostname="DESKTOP-BDCU2EV" failures="0" tests="1" name="A_Waits.Implicitwait" time="9.724" errors="0" timestamp="2022-12-21T10:23:52 IST" skipped="0">
  <testcase classname="A_Waits.Implicitwait" name="f" time="9.724"/>
  <system-out/>
</testsuite> <!-- A_Waits.Implicitwait -->
