<?xml version="1.0" encoding="UTF-8"?>
<!-- Generated by org.testng.reporters.JUnitReportReporter -->
<testsuite hostname="DESKTOP-BDCU2EV" failures="0" tests="1" name="Day_008_Emailable_Report.TestExample2_Browser" time="6.689" errors="0" timestamp="2022-10-14T10:26:05 IST" skipped="0">
  <testcase classname="Day_008_Emailable_Report.TestExample2_Browser" name="Test2" time="6.689"/>
  <system-out>
    <![CDATA[Pass- open Orangehrm
Pass- Enter User Name
Pass- Enter Password
Pass- Click on Signin]]>
  </system-out>
</testsuite> <!-- Day_008_Emailable_Report.TestExample2_Browser -->
