<?xml version="1.0" encoding="UTF-8"?>
<!-- Generated by org.testng.reporters.JUnitReportReporter -->
<testsuite hostname="DESKTOP-BDCU2EV" failures="0" tests="1" name="A_frames.frame_by_index" time="8.605" errors="0" timestamp="2023-03-01T11:06:15 IST" skipped="0">
  <testcase classname="A_frames.frame_by_index" name="samp" time="8.605"/>
  <system-out/>
</testsuite> <!-- A_frames.frame_by_index -->
