<?xml version="1.0" encoding="UTF-8"?>
<!-- Generated by org.testng.reporters.JUnitReportReporter -->
<testsuite hostname="DESKTOP-BDCU2EV" failures="0" tests="1" name="ABCD_DAY01.TC02_Login" time="5.933" errors="0" timestamp="2023-01-24T11:11:27 IST" skipped="0">
  <testcase classname="ABCD_DAY01.TC02_Login" name="Login_Test" time="5.933"/>
  <system-out/>
</testsuite> <!-- ABCD_DAY01.TC02_Login -->
