<?xml version="1.0" encoding="UTF-8"?>
<!-- Generated by org.testng.reporters.JUnitReportReporter -->
<testsuite hostname="DESKTOP-BDCU2EV" failures="0" tests="1" name="Day005.TC01_Add_Jobs_Static2" time="18.939" errors="0" timestamp="2022-09-08T10:51:16 IST" skipped="0">
  <testcase classname="Day005.TC01_Add_Jobs_Static2" name="JobsTest" time="18.939"/>
  <system-out/>
</testsuite> <!-- Day005.TC01_Add_Jobs_Static2 -->
