<?xml version="1.0" encoding="UTF-8"?>
<!-- Generated by org.testng.reporters.JUnitReportReporter -->
<testsuite hostname="DESKTOP-BDCU2EV" failures="0" tests="1" name="Day_029_PageObjectModel.TC01_Add_Skills" time="9.695" errors="0" timestamp="2022-08-04T10:32:27 IST" skipped="0">
  <testcase classname="Day_029_PageObjectModel.TC01_Add_Skills" name="Book_OneWay_Flight" time="9.695"/>
  <system-out/>
</testsuite> <!-- Day_029_PageObjectModel.TC01_Add_Skills -->
