<?xml version="1.0" encoding="UTF-8"?>
<!-- Generated by org.testng.reporters.JUnitReportReporter -->
<testsuite hostname="DESKTOP-BDCU2EV" failures="0" tests="1" name="A_javascriptexe.generate_alert" time="4.278" errors="0" timestamp="2023-02-09T10:52:07 IST" skipped="0">
  <testcase classname="A_javascriptexe.generate_alert" name="samp" time="4.278"/>
  <system-out/>
</testsuite> <!-- A_javascriptexe.generate_alert -->
