<?xml version="1.0" encoding="UTF-8"?>
<!-- Generated by org.testng.reporters.JUnitReportReporter -->
<testsuite hostname="DESKTOP-BDCU2EV" failures="0" tests="1" name="ABC_Demo10.TC01_Login_Static" time="43.096" errors="0" timestamp="2022-07-09T14:07:18 IST" skipped="0">
  <testcase classname="ABC_Demo10.TC01_Login_Static" name="logintest" time="43.096"/>
  <system-out/>
</testsuite> <!-- ABC_Demo10.TC01_Login_Static -->
