<?xml version="1.0" encoding="UTF-8"?>
<!-- Generated by org.testng.reporters.JUnitReportReporter -->
<testsuite hostname="DESKTOP-BDCU2EV" failures="0" tests="1" name="Day001.TC02_Multiplication" time="0.010" errors="0" timestamp="2022-08-30T10:46:16 IST" skipped="0">
  <testcase classname="Day001.TC02_Multiplication" name="Test2_Multiplication" time="0.010"/>
  <system-out/>
</testsuite> <!-- Day001.TC02_Multiplication -->
