<?xml version="1.0" encoding="UTF-8"?>
<!-- Generated by org.testng.reporters.JUnitReportReporter -->
<testsuite hostname="DESKTOP-BDCU2EV" failures="0" tests="1" name="Sample.TC02_Login" time="63.830" errors="0" timestamp="2023-01-24T16:35:42 IST" skipped="0">
  <testcase classname="Sample.TC02_Login" name="Login_Test" time="63.830"/>
  <system-out/>
</testsuite> <!-- Sample.TC02_Login -->
