<?xml version="1.0" encoding="UTF-8"?>
<!-- Generated by org.testng.reporters.JUnitReportReporter -->
<testsuite hostname="DESKTOP-BDCU2EV" failures="0" tests="1" name="A1_Demo1_Feb23.TC04_Login" time="14.805" errors="0" timestamp="2023-02-24T10:20:33 IST" skipped="0">
  <testcase classname="A1_Demo1_Feb23.TC04_Login" name="Login" time="14.805"/>
  <system-out/>
</testsuite> <!-- A1_Demo1_Feb23.TC04_Login -->
