<?xml version="1.0" encoding="UTF-8"?>
<!-- Generated by org.testng.reporters.JUnitReportReporter -->
<testsuite hostname="DESKTOP-BDCU2EV" failures="0" tests="2" name="Day_033_TestNG_Annotations.AllTests" time="0.007" errors="0" timestamp="2022-08-16T10:42:25 IST" skipped="0">
  <testcase classname="Day_033_TestNG_Annotations.AllTests" name="MainTest" time="0.006"/>
  <system-out/>
  <testcase classname="Day_033_TestNG_Annotations.AllTests" name="Test100" time="0.001"/>
  <system-out/>
</testsuite> <!-- Day_033_TestNG_Annotations.AllTests -->
