<?xml version="1.0" encoding="UTF-8"?>
<!-- Generated by org.testng.reporters.JUnitReportReporter -->
<testsuite hostname="DESKTOP-BDCU2EV" failures="0" tests="1" name="Day_003_Locators.TC04_linkText" time="11.607" errors="0" timestamp="2023-02-03T10:35:05 IST" skipped="0">
  <testcase classname="Day_003_Locators.TC04_linkText" name="testTC02" time="11.607"/>
  <system-out/>
</testsuite> <!-- Day_003_Locators.TC04_linkText -->
