<?xml version="1.0" encoding="UTF-8"?>
<!-- Generated by org.testng.reporters.JUnitReportReporter -->
<testsuite hostname="DESKTOP-BDCU2EV" failures="0" tests="1" name="Day_026_TakeScreenShot.Test1" time="14.033" errors="0" timestamp="2022-08-06T10:22:44 IST" skipped="0">
  <testcase classname="Day_026_TakeScreenShot.Test1" name="TC01_Report_Test" time="14.033"/>
  <system-out/>
</testsuite> <!-- Day_026_TakeScreenShot.Test1 -->
