<?xml version="1.0" encoding="UTF-8"?>
<!-- Generated by org.testng.reporters.JUnitReportReporter -->
<testsuite hostname="DESKTOP-BDCU2EV" failures="0" tests="1" name="Day_024_Advanced_Xpaths.TC007_Ancestor" time="20.948" errors="0" timestamp="2022-09-22T10:59:24 IST" skipped="0">
  <testcase classname="Day_024_Advanced_Xpaths.TC007_Ancestor" name="Test1" time="20.948"/>
  <system-out/>
</testsuite> <!-- Day_024_Advanced_Xpaths.TC007_Ancestor -->
