<?xml version="1.0" encoding="UTF-8"?>
<!-- Generated by org.testng.reporters.JUnitReportReporter -->
<testsuite hostname="DESKTOP-VL2N6EH" failures="0" tests="1" name="ABC_Demo9.TC01_Login_Test_With_Methods" time="22.746" errors="0" timestamp="2020-02-23T12:58:39 IST" skipped="0">
  <testcase classname="ABC_Demo9.TC01_Login_Test_With_Methods" name="Login_Test1" time="22.746"/>
</testsuite> <!-- ABC_Demo9.TC01_Login_Test_With_Methods -->
