<?xml version="1.0" encoding="UTF-8"?>
<!-- Generated by org.testng.reporters.JUnitReportReporter -->
<testsuite hostname="DESKTOP-BDCU2EV" failures="0" tests="1" name="ABC_Feb2_2023.TC01_Add_Skills2" time="13.281" errors="0" timestamp="2023-02-02T10:56:00 IST" skipped="0">
  <testcase classname="ABC_Feb2_2023.TC01_Add_Skills2" name="SkillsTest" time="13.281"/>
  <system-out/>
</testsuite> <!-- ABC_Feb2_2023.TC01_Add_Skills2 -->
