<?xml version="1.0" encoding="UTF-8"?>
<!-- Generated by org.testng.reporters.JUnitReportReporter -->
<testsuite hostname="DESKTOP-VL2N6EH" failures="0" tests="3" name="Day_013_TestNG_Paraneters1.BrowserTesting_DataProvider4" time="25.118" errors="0" timestamp="2020-02-21T05:47:42 IST" skipped="0">
  <testcase classname="Day_013_TestNG_Paraneters1.BrowserTesting_DataProvider4" name="Test3" time="5.289"/>
  <testcase classname="Day_013_TestNG_Paraneters1.BrowserTesting_DataProvider4" name="Test3" time="14.554"/>
  <testcase classname="Day_013_TestNG_Paraneters1.BrowserTesting_DataProvider4" name="Test3" time="5.275"/>
</testsuite> <!-- Day_013_TestNG_Paraneters1.BrowserTesting_DataProvider4 -->
