<?xml version="1.0" encoding="UTF-8"?>
<!-- Generated by org.testng.reporters.JUnitReportReporter -->
<testsuite hostname="DESKTOP-BDCU2EV" failures="0" tests="1" name="Day_021_Java_Script_Executer.Scrollbyvisibletext" time="5.124" errors="0" timestamp="2022-07-22T17:20:42 IST" skipped="0">
  <testcase classname="Day_021_Java_Script_Executer.Scrollbyvisibletext" name="Amazon" time="5.124"/>
  <system-out/>
</testsuite> <!-- Day_021_Java_Script_Executer.Scrollbyvisibletext -->
