<?xml version="1.0" encoding="UTF-8"?>
<!-- Generated by org.testng.reporters.JUnitReportReporter -->
<testsuite hostname="DESKTOP-BDCU2EV" failures="0" tests="1" name="Day005.TC01_Add_Skills_Static" time="20.990" errors="0" timestamp="2022-09-08T10:36:22 IST" skipped="0">
  <testcase classname="Day005.TC01_Add_Skills_Static" name="SkillsTest" time="20.990"/>
  <system-out/>
</testsuite> <!-- Day005.TC01_Add_Skills_Static -->
