<?xml version="1.0" encoding="UTF-8"?>
<!-- Generated by org.testng.reporters.JUnitReportReporter -->
<testsuite hostname="DESKTOP-C185PLQ" failures="0" tests="1" name="A1_May24.TC_00" time="0.016" errors="0" timestamp="2023-05-25T16:34:49 IST" skipped="0">
  <testcase classname="A1_May24.TC_00" name="f" time="0.016"/>
  <system-out/>
</testsuite> <!-- A1_May24.TC_00 -->
