<?xml version="1.0" encoding="UTF-8"?>
<!-- Generated by org.testng.reporters.JUnitReportReporter -->
<testsuite hostname="DESKTOP-BDCU2EV" failures="0" tests="1" name="ABC_ABC1.TC01_Add_Jobs_NonStatic_Parameters" time="26.018" errors="0" timestamp="2023-01-28T10:28:30 IST" skipped="0">
  <testcase classname="ABC_ABC1.TC01_Add_Jobs_NonStatic_Parameters" name="JobsTest" time="26.018"/>
  <system-out/>
</testsuite> <!-- ABC_ABC1.TC01_Add_Jobs_NonStatic_Parameters -->
