<?xml version="1.0" encoding="UTF-8"?>
<!-- Generated by org.testng.reporters.JUnitReportReporter -->
<testsuite hostname="DESKTOP-BDCU2EV" failures="0" tests="3" name="parallelexecutionMethods.alltests" time="100.414" errors="0" timestamp="2023-02-11T10:30:38 IST" skipped="0">
  <testcase classname="parallelexecutionMethods.alltests" name="addskills" time="33.578"/>
  <system-out/>
  <testcase classname="parallelexecutionMethods.alltests" name="addjobs" time="33.533"/>
  <system-out/>
  <testcase classname="parallelexecutionMethods.alltests" name="addnationality" time="33.303"/>
  <system-out/>
</testsuite> <!-- parallelexecutionMethods.alltests -->
