<?xml version="1.0" encoding="UTF-8"?>
<!-- Generated by org.testng.reporters.JUnitReportReporter -->
<testsuite hostname="DESKTOP-C185PLQ" failures="0" tests="1" name="A1_May26_2023.TC01_Skils_Test" time="25.911" errors="0" timestamp="2023-05-26T12:02:00 IST" skipped="0">
  <testcase classname="A1_May26_2023.TC01_Skils_Test" name="SkillsTest" time="25.911"/>
  <system-out/>
</testsuite> <!-- A1_May26_2023.TC01_Skils_Test -->
