<?xml version="1.0" encoding="UTF-8"?>
<!-- Generated by org.testng.reporters.JUnitReportReporter -->
<testsuite hostname="DESKTOP-BDCU2EV" failures="0" tests="3" name="A_dataprovider.Valuesfromdp" time="41.643" errors="0" timestamp="2023-02-23T11:12:38 IST" skipped="0">
  <testcase classname="A_dataprovider.Valuesfromdp" name="addskills" time="12.782"/>
  <system-out/>
  <testcase classname="A_dataprovider.Valuesfromdp" name="addskills" time="15.209"/>
  <system-out/>
  <testcase classname="A_dataprovider.Valuesfromdp" name="addskills" time="13.652"/>
  <system-out/>
</testsuite> <!-- A_dataprovider.Valuesfromdp -->
