<?xml version="1.0" encoding="UTF-8"?>
<!-- Generated by org.testng.reporters.JUnitReportReporter -->
<testsuite hostname="DESKTOP-BDCU2EV" failures="0" tests="1" name="Amazon.TC01_FindElements2" time="11.396" errors="0" timestamp="2022-07-30T15:14:45 IST" skipped="0">
  <testcase classname="Amazon.TC01_FindElements2" name="CartTest" time="11.396"/>
  <system-out/>
</testsuite> <!-- Amazon.TC01_FindElements2 -->
