<?xml version="1.0" encoding="UTF-8"?>
<!-- Generated by org.testng.reporters.JUnitReportReporter -->
<testsuite hostname="DESKTOP-VL2N6EH" failures="0" tests="2" name="Day_007_TestNG_DataProvider_Lab3.TC02_Login_Static_Paarameters" time="87.791" errors="0" timestamp="2020-03-01T13:07:58 IST" skipped="0">
  <testcase classname="Day_007_TestNG_DataProvider_Lab3.TC02_Login_Static_Paarameters" name="Login_Test" time="37.905"/>
  <testcase classname="Day_007_TestNG_DataProvider_Lab3.TC02_Login_Static_Paarameters" name="Login_Test" time="49.886"/>
</testsuite> <!-- Day_007_TestNG_DataProvider_Lab3.TC02_Login_Static_Paarameters -->
