<?xml version="1.0" encoding="UTF-8"?>
<!-- Generated by org.testng.reporters.JUnitReportReporter -->
<testsuite hostname="DESKTOP-BDCU2EV" failures="0" tests="3" name="ABC_Demo1.TC03_Login_Static_Paarameters" time="52.545" errors="0" timestamp="2022-03-11T08:43:36 IST" skipped="0">
  <testcase classname="ABC_Demo1.TC03_Login_Static_Paarameters" name="Login_Test" time="14.554"/>
  <system-out/>
  <testcase classname="ABC_Demo1.TC03_Login_Static_Paarameters" name="Login_Test" time="17.954"/>
  <system-out/>
  <testcase classname="ABC_Demo1.TC03_Login_Static_Paarameters" name="Login_Test" time="20.037"/>
  <system-out/>
</testsuite> <!-- ABC_Demo1.TC03_Login_Static_Paarameters -->
