<?xml version="1.0" encoding="UTF-8"?>
<!-- Generated by org.testng.reporters.JUnitReportReporter -->
<testsuite hostname="DESKTOP-BDCU2EV" failures="0" tests="1" name="ABC_Demo11.TC02_Add_Skills" time="16.820" errors="0" timestamp="2022-07-11T10:10:44 IST" skipped="0">
  <testcase classname="ABC_Demo11.TC02_Add_Skills" name="SkillsTest" time="16.820"/>
  <system-out/>
</testsuite> <!-- ABC_Demo11.TC02_Add_Skills -->
