<?xml version="1.0" encoding="UTF-8"?>
<!-- Generated by org.testng.reporters.JUnitReportReporter -->
<testsuite hostname="DESKTOP-BDCU2EV" failures="0" tests="1" name="Amazon4.Covid_cases" time="40.030" errors="0" timestamp="2022-08-03T13:16:12 IST" skipped="0">
  <testcase classname="Amazon4.Covid_cases" name="Test1" time="40.030"/>
  <system-out/>
</testsuite> <!-- Amazon4.Covid_cases -->
