<?xml version="1.0" encoding="UTF-8"?>
<!-- Generated by org.testng.reporters.JUnitReportReporter -->
<testsuite hostname="DESKTOP-BDCU2EV" failures="0" tests="1" name="Day_003_Locators.Test56" time="6.120" errors="0" timestamp="2022-03-21T10:36:22 IST" skipped="0">
  <testcase classname="Day_003_Locators.Test56" name="Test561" time="6.120"/>
  <system-out/>
</testsuite> <!-- Day_003_Locators.Test56 -->
