<?xml version="1.0" encoding="UTF-8"?>
<!-- Generated by org.testng.reporters.JUnitReportReporter -->
<testsuite hostname="DESKTOP-BDCU2EV" failures="0" tests="1" name="ABCD_DAY01.TC01_Login" time="0.011" errors="0" timestamp="2023-01-24T10:57:32 IST" skipped="0">
  <testcase classname="ABCD_DAY01.TC01_Login" name="Login" time="0.011"/>
  <system-out/>
</testsuite> <!-- ABCD_DAY01.TC01_Login -->
