<?xml version="1.0" encoding="UTF-8"?>
<!-- Generated by org.testng.reporters.JUnitReportReporter -->
<testsuite hostname="DESKTOP-BDCU2EV" failures="0" tests="1" name="ABC_Demo118.TC01_Add_Skills3" time="21.521" errors="0" timestamp="2022-03-19T09:44:48 IST" skipped="0">
  <testcase classname="ABC_Demo118.TC01_Add_Skills3" name="SkillsTest" time="21.521"/>
  <system-out/>
</testsuite> <!-- ABC_Demo118.TC01_Add_Skills3 -->
