<?xml version="1.0" encoding="UTF-8"?>
<!-- Generated by org.testng.reporters.JUnitReportReporter -->
<testsuite hostname="DESKTOP-BDCU2EV" failures="0" tests="1" name="Headless_Browser.headless2" time="5.953" errors="0" timestamp="2023-04-20T11:57:15 IST" skipped="0">
  <testcase classname="Headless_Browser.headless2" name="LoginTest" time="5.953"/>
  <system-out/>
</testsuite> <!-- Headless_Browser.headless2 -->
