<?xml version="1.0" encoding="UTF-8"?>
<!-- Generated by org.testng.reporters.JUnitReportReporter -->
<testsuite hostname="DESKTOP-BDCU2EV" failures="0" tests="1" name="Day_025_ExcelUtil_Apache_POI.TC01_Excel_Test_xls" time="0.527" errors="0" timestamp="2022-10-12T11:05:48 IST" skipped="0">
  <testcase classname="Day_025_ExcelUtil_Apache_POI.TC01_Excel_Test_xls" name="hello" time="0.527"/>
  <system-out/>
</testsuite> <!-- Day_025_ExcelUtil_Apache_POI.TC01_Excel_Test_xls -->
