<?xml version="1.0" encoding="UTF-8"?>
<!-- Generated by org.testng.reporters.JUnitReportReporter -->
<testsuite hostname="DESKTOP-BDCU2EV" failures="0" tests="1" name="A1_Feb28.TC01_Add_Skills" time="17.271" errors="0" timestamp="2023-02-28T09:51:32 IST" skipped="0">
  <testcase classname="A1_Feb28.TC01_Add_Skills" name="SkillsTest" time="17.271"/>
  <system-out/>
</testsuite> <!-- A1_Feb28.TC01_Add_Skills -->
