<?xml version="1.0" encoding="UTF-8"?>
<!-- Generated by org.testng.reporters.JUnitReportReporter -->
<testsuite hostname="DESKTOP-BDCU2EV" failures="0" tests="1" name="ABC_Demo112.TC02_Multi" time="0.013" errors="0" timestamp="2022-03-11T09:30:40 IST" skipped="0">
  <testcase classname="ABC_Demo112.TC02_Multi" name="multiplication" time="0.013"/>
  <system-out/>
</testsuite> <!-- ABC_Demo112.TC02_Multi -->
