<?xml version="1.0" encoding="UTF-8"?>
<!-- Generated by org.testng.reporters.JUnitReportReporter -->
<testsuite hostname="DESKTOP-BDCU2EV" failures="0" tests="1" name="ABC_Data2.TC01_Login" time="0.008" errors="0" timestamp="2022-07-19T15:36:46 IST" skipped="0">
  <testcase classname="ABC_Data2.TC01_Login" name="LoginTest" time="0.008"/>
  <system-out/>
</testsuite> <!-- ABC_Data2.TC01_Login -->
