<?xml version="1.0" encoding="UTF-8"?>
<!-- Generated by org.testng.reporters.JUnitReportReporter -->
<testsuite hostname="DESKTOP-C185PLQ" failures="0" tests="1" name="File_upload.UploadingFile" time="43.575" errors="0" timestamp="2023-07-05T16:18:17 IST" skipped="0">
  <testcase classname="File_upload.UploadingFile" name="samp" time="43.575"/>
</testsuite> <!-- File_upload.UploadingFile -->
