<?xml version="1.0" encoding="UTF-8"?>
<!-- Generated by org.testng.reporters.JUnitReportReporter -->
<testsuite hostname="DESKTOP-BDCU2EV" failures="0" tests="6" name="Day_017_Priorities_Test.TC02_Without_Priority" time="25.792" errors="0" timestamp="2022-08-16T10:15:29 IST" skipped="0">
  <testcase classname="Day_017_Priorities_Test.TC02_Without_Priority" name="Test1_OpenChromeBrowser" time="2.172"/>
  <system-out/>
  <testcase classname="Day_017_Priorities_Test.TC02_Without_Priority" name="Test3_Login" time="3.311"/>
  <system-out/>
  <testcase classname="Day_017_Priorities_Test.TC02_Without_Priority" name="Test5_Logout" time="10.139"/>
  <system-out/>
  <testcase classname="Day_017_Priorities_Test.TC02_Without_Priority" name="Test2_OpenOrangeHRM" time="3.319"/>
  <system-out/>
  <testcase classname="Day_017_Priorities_Test.TC02_Without_Priority" name="Test4_Addnatialities" time="6.196"/>
  <system-out/>
  <testcase classname="Day_017_Priorities_Test.TC02_Without_Priority" name="Test6_closebrowser" time="0.655"/>
  <system-out/>
</testsuite> <!-- Day_017_Priorities_Test.TC02_Without_Priority -->
