<?xml version="1.0" encoding="UTF-8"?>
<!-- Generated by org.testng.reporters.JUnitReportReporter -->
<testsuite hostname="DESKTOP-BDCU2EV" failures="0" tests="1" name="A2_May16.TC03_Login" time="13.338" errors="0" timestamp="2023-05-16T11:26:31 IST" skipped="0">
  <testcase classname="A2_May16.TC03_Login" name="MainTest1" time="13.338"/>
  <system-out/>
</testsuite> <!-- A2_May16.TC03_Login -->
