<?xml version="1.0" encoding="UTF-8"?>
<!-- Generated by org.testng.reporters.JUnitReportReporter -->
<testsuite hostname="DESKTOP-BDCU2EV" failures="0" tests="3" name="ABC_DataProvider.TC01_Add_Locations2" time="51.067" errors="0" timestamp="2022-07-18T09:52:51 IST" skipped="0">
  <testcase classname="ABC_DataProvider.TC01_Add_Locations2" name="SkillsTest" time="18.084"/>
  <system-out/>
  <testcase classname="ABC_DataProvider.TC01_Add_Locations2" name="SkillsTest" time="16.960"/>
  <system-out/>
  <testcase classname="ABC_DataProvider.TC01_Add_Locations2" name="SkillsTest" time="16.023"/>
  <system-out/>
</testsuite> <!-- ABC_DataProvider.TC01_Add_Locations2 -->
