<?xml version="1.0" encoding="UTF-8"?>
<!-- Generated by org.testng.reporters.JUnitReportReporter -->
<testsuite hostname="DESKTOP-BDCU2EV" failures="0" tests="1" name="Day004.TC01_Add_Jobs" time="16.762" errors="0" timestamp="2022-09-07T10:29:04 IST" skipped="0">
  <testcase classname="Day004.TC01_Add_Jobs" name="JobsTest" time="16.762"/>
  <system-out/>
</testsuite> <!-- Day004.TC01_Add_Jobs -->
