<?xml version="1.0" encoding="UTF-8"?>
<!-- Generated by org.testng.reporters.JUnitReportReporter -->
<testsuite hostname="DESKTOP-BDCU2EV" failures="0" tests="1" name="ABC_Data_Hai.TC01_Add_Skills" time="12.735" errors="0" timestamp="2022-11-04T10:45:13 IST" skipped="0">
  <testcase classname="ABC_Data_Hai.TC01_Add_Skills" name="SkilsTest" time="12.735"/>
  <system-out/>
</testsuite> <!-- ABC_Data_Hai.TC01_Add_Skills -->
