<?xml version="1.0" encoding="UTF-8"?>
<!-- Generated by org.testng.reporters.JUnitReportReporter -->
<testsuite hostname="DESKTOP-BDCU2EV" failures="0" tests="1" name="ABC_ABC01.TC01_NATIONALITY" time="12.813" errors="0" timestamp="2023-02-02T10:07:52 IST" skipped="0">
  <testcase classname="ABC_ABC01.TC01_NATIONALITY" name="nationality" time="12.813"/>
  <system-out/>
</testsuite> <!-- ABC_ABC01.TC01_NATIONALITY -->
