<?xml version="1.0" encoding="UTF-8"?>
<!-- Generated by org.testng.reporters.JUnitReportReporter -->
<testsuite hostname="DESKTOP-BDCU2EV" failures="0" tests="1" name="Day_002_Java.TC01_Login" time="18.417" errors="0" timestamp="2022-03-03T09:19:28 IST" skipped="0">
  <testcase classname="Day_002_Java.TC01_Login" name="Login_Test" time="18.417"/>
  <system-out/>
</testsuite> <!-- Day_002_Java.TC01_Login -->
