<?xml version="1.0" encoding="UTF-8"?>
<!-- Generated by org.testng.reporters.JUnitReportReporter -->
<testsuite hostname="DESKTOP-BDCU2EV" failures="0" tests="1" name="Day_016_ParallelClasses.MercuryTest" time="5.214" errors="0" timestamp="2022-02-22T09:59:29 IST" skipped="0">
  <testcase classname="Day_016_ParallelClasses.MercuryTest" name="Open_Mercury" time="5.214"/>
  <system-out/>
</testsuite> <!-- Day_016_ParallelClasses.MercuryTest -->
