<?xml version="1.0" encoding="UTF-8"?>
<!-- Generated by org.testng.reporters.JUnitReportReporter -->
<testsuite hostname="DESKTOP-BDCU2EV" failures="0" tests="1" name="Day_024_Advanced_Xpaths.TC011_Parent" time="20.635" errors="0" timestamp="2022-08-03T10:49:12 IST" skipped="0">
  <testcase classname="Day_024_Advanced_Xpaths.TC011_Parent" name="Test1" time="20.635"/>
  <system-out/>
</testsuite> <!-- Day_024_Advanced_Xpaths.TC011_Parent -->
