<?xml version="1.0" encoding="UTF-8"?>
<!-- Generated by org.testng.reporters.JUnitReportReporter -->
<testsuite hostname="DESKTOP-BDCU2EV" failures="0" tests="1" name="ABC_Data_Hai.TC01_Add_jobs" time="13.571" errors="0" timestamp="2022-10-29T11:09:41 IST" skipped="0">
  <testcase classname="ABC_Data_Hai.TC01_Add_jobs" name="JobsTest" time="13.571"/>
  <system-out/>
</testsuite> <!-- ABC_Data_Hai.TC01_Add_jobs -->
