<?xml version="1.0" encoding="UTF-8"?>
<!-- Generated by org.testng.reporters.JUnitReportReporter -->
<testsuite hostname="DESKTOP-BDCU2EV" failures="0" tests="1" name="ABC_Data_Hai.TC01_Add_Skills2" time="14.968" errors="0" timestamp="2022-11-01T10:39:07 IST" skipped="0">
  <testcase classname="ABC_Data_Hai.TC01_Add_Skills2" name="SkilsTest" time="14.968"/>
  <system-out/>
</testsuite> <!-- ABC_Data_Hai.TC01_Add_Skills2 -->
