<?xml version="1.0" encoding="UTF-8"?>
<!-- Generated by org.testng.reporters.JUnitReportReporter -->
<testsuite hostname="DESKTOP-C185PLQ" failures="0" tests="1" name="A_TakeScreenShot.screenshot2" time="14.809" errors="0" timestamp="2023-06-20T08:06:45 IST" skipped="0">
  <testcase classname="A_TakeScreenShot.screenshot2" name="samp" time="14.809"/>
  <system-out/>
</testsuite> <!-- A_TakeScreenShot.screenshot2 -->
