<?xml version="1.0" encoding="UTF-8"?>
<!-- Generated by org.testng.reporters.JUnitReportReporter -->
<testsuite hostname="DESKTOP-BDCU2EV" failures="0" tests="1" name="Day_016_ParallelClasses.TC01_Add_Nationality" time="6.851" errors="0" timestamp="2022-09-29T10:29:51 IST" skipped="0">
  <testcase classname="Day_016_ParallelClasses.TC01_Add_Nationality" name="Open_Mercury" time="6.851"/>
  <system-out/>
</testsuite> <!-- Day_016_ParallelClasses.TC01_Add_Nationality -->
