<?xml version="1.0" encoding="UTF-8"?>
<!-- Generated by org.testng.reporters.JUnitReportReporter -->
<testsuite hostname="DESKTOP-BDCU2EV" failures="0" tests="1" name="Amazon5_FindElements.TC01_FindElements" time="9.101" errors="0" timestamp="2022-08-01T10:54:25 IST" skipped="0">
  <testcase classname="Amazon5_FindElements.TC01_FindElements" name="CartTest" time="9.101"/>
  <system-out/>
</testsuite> <!-- Amazon5_FindElements.TC01_FindElements -->
