<?xml version="1.0" encoding="UTF-8"?>
<!-- Generated by org.testng.reporters.JUnitReportReporter -->
<testsuite hostname="DESKTOP-VL2N6EH" failures="0" tests="1" name="ABC_Demo10.TC01_Login" time="24.782" errors="0" timestamp="2020-02-29T12:13:58 IST" skipped="0">
  <testcase classname="ABC_Demo10.TC01_Login" name="logintest" time="24.782"/>
</testsuite> <!-- ABC_Demo10.TC01_Login -->
