<?xml version="1.0" encoding="UTF-8"?>
<!-- Generated by org.testng.reporters.JUnitReportReporter -->
<testsuite hostname="DESKTOP-BDCU2EV" failures="0" tests="1" name="Day_019_Frames.Switch_Frame_By_WebElement" time="4.880" errors="0" timestamp="2022-09-14T11:05:43 IST" skipped="0">
  <testcase classname="Day_019_Frames.Switch_Frame_By_WebElement" name="Login_Test" time="4.880"/>
  <system-out/>
</testsuite> <!-- Day_019_Frames.Switch_Frame_By_WebElement -->
