<?xml version="1.0" encoding="UTF-8"?>
<!-- Generated by org.testng.reporters.JUnitReportReporter -->
<testsuite hostname="DESKTOP-BDCU2EV" failures="0" tests="1" name="A3_May17.TC01_Test2" time="16.084" errors="0" timestamp="2023-05-18T10:43:49 IST" skipped="0">
  <testcase classname="A3_May17.TC01_Test2" name="MainTest1" time="16.084"/>
  <system-out/>
</testsuite> <!-- A3_May17.TC01_Test2 -->
