<?xml version="1.0" encoding="UTF-8"?>
<!-- Generated by org.testng.reporters.JUnitReportReporter -->
<testsuite hostname="DESKTOP-BDCU2EV" failures="0" tests="2" name="A_Annotations.NewTest" time="0.008" errors="0" timestamp="2023-02-24T10:55:38 IST" skipped="0">
  <testcase classname="A_Annotations.NewTest" name="f" time="0.007"/>
  <system-out/>
  <testcase classname="A_Annotations.NewTest" name="f1" time="0.001"/>
  <system-out/>
</testsuite> <!-- A_Annotations.NewTest -->
