<?xml version="1.0" encoding="UTF-8"?>
<!-- Generated by org.testng.reporters.JUnitReportReporter -->
<testsuite hostname="DESKTOP-BDCU2EV" failures="0" tests="3" name="ABC_DataProvider.TC01_Add_Skills5" time="54.662" errors="0" timestamp="2022-07-18T10:00:16 IST" skipped="0">
  <testcase classname="ABC_DataProvider.TC01_Add_Skills5" name="SkillsTest" time="20.041"/>
  <system-out/>
  <testcase classname="ABC_DataProvider.TC01_Add_Skills5" name="SkillsTest" time="17.907"/>
  <system-out/>
  <testcase classname="ABC_DataProvider.TC01_Add_Skills5" name="SkillsTest" time="16.714"/>
  <system-out/>
</testsuite> <!-- ABC_DataProvider.TC01_Add_Skills5 -->
