<?xml version="1.0" encoding="UTF-8"?>
<!-- Generated by org.testng.reporters.JUnitReportReporter -->
<testsuite hostname="DESKTOP-BDCU2EV" failures="0" tests="4" name="ABC_Demo11.TC02_Add_Skills_DataProvider" time="169.408" errors="0" timestamp="2022-07-13T10:41:21 IST" skipped="0">
  <testcase classname="ABC_Demo11.TC02_Add_Skills_DataProvider" name="SkillsTest" time="24.427"/>
  <system-out/>
  <testcase classname="ABC_Demo11.TC02_Add_Skills_DataProvider" name="SkillsTest" time="25.385"/>
  <system-out/>
  <testcase classname="ABC_Demo11.TC02_Add_Skills_DataProvider" name="SkillsTest" time="87.256"/>
  <system-out/>
  <testcase classname="ABC_Demo11.TC02_Add_Skills_DataProvider" name="SkillsTest" time="32.340"/>
  <system-out/>
</testsuite> <!-- ABC_Demo11.TC02_Add_Skills_DataProvider -->
