<?xml version="1.0" encoding="UTF-8"?>
<!-- Generated by org.testng.reporters.JUnitReportReporter -->
<testsuite hostname="DESKTOP-BDCU2EV" failures="0" tests="1" name="actionsclass.slider" time="8.034" errors="0" timestamp="2023-02-04T10:44:58 IST" skipped="0">
  <testcase classname="actionsclass.slider" name="sample" time="8.034"/>
  <system-out/>
</testsuite> <!-- actionsclass.slider -->
