<?xml version="1.0" encoding="UTF-8"?>
<!-- Generated by org.testng.reporters.JUnitReportReporter -->
<testsuite hostname="DESKTOP-BDCU2EV" failures="0" tests="1" name="Amazon.TC01_FindElementsStaticMethods" time="8.470" errors="0" timestamp="2022-08-03T16:25:26 IST" skipped="0">
  <testcase classname="Amazon.TC01_FindElementsStaticMethods" name="CartTest" time="8.470"/>
  <system-out/>
</testsuite> <!-- Amazon.TC01_FindElementsStaticMethods -->
