<?xml version="1.0" encoding="UTF-8"?>
<!-- Generated by org.testng.reporters.JUnitReportReporter -->
<testsuite hostname="DESKTOP-BDCU2EV" failures="0" tests="1" name="A_frames.frame_by_name" time="10.040" errors="0" timestamp="2023-03-01T10:55:31 IST" skipped="0">
  <testcase classname="A_frames.frame_by_name" name="samp" time="10.040"/>
  <system-out/>
</testsuite> <!-- A_frames.frame_by_name -->
