<?xml version="1.0" encoding="UTF-8"?>
<!-- Generated by org.testng.reporters.JUnitReportReporter -->
<testsuite hostname="DESKTOP-BDCU2EV" failures="0" tests="2" name="ABC_DataProvider.TC02_Add_Jobs_Parameters_NonStatic" time="29.194" errors="0" timestamp="2022-03-25T09:34:00 IST" skipped="0">
  <testcase classname="ABC_DataProvider.TC02_Add_Jobs_Parameters_NonStatic" name="jobsAddTest" time="14.256"/>
  <system-out/>
  <testcase classname="ABC_DataProvider.TC02_Add_Jobs_Parameters_NonStatic" name="jobsAddTest" time="14.938"/>
  <system-out/>
</testsuite> <!-- ABC_DataProvider.TC02_Add_Jobs_Parameters_NonStatic -->
