<?xml version="1.0" encoding="UTF-8"?>
<!-- Generated by org.testng.reporters.JUnitReportReporter -->
<testsuite hostname="DESKTOP-BDCU2EV" failures="0" tests="1" name="Day_033_TestNG_Annotations.NewTest" time="0.007" errors="0" timestamp="2022-02-02T11:25:27 IST" skipped="0">
  <testcase classname="Day_033_TestNG_Annotations.NewTest" name="MainTest" time="0.007"/>
  <system-out/>
</testsuite> <!-- Day_033_TestNG_Annotations.NewTest -->
