<?xml version="1.0" encoding="UTF-8"?>
<!-- Generated by org.testng.reporters.JUnitReportReporter -->
<testsuite hostname="DESKTOP-BDCU2EV" failures="0" tests="1" name="Day_011_Katalon_Recorder.AddJobs" time="24.294" errors="0" timestamp="2022-09-30T10:31:53 IST" skipped="0">
  <testcase classname="Day_011_Katalon_Recorder.AddJobs" name="Jobs" time="24.294"/>
  <system-out/>
</testsuite> <!-- Day_011_Katalon_Recorder.AddJobs -->
