<?xml version="1.0" encoding="UTF-8"?>
<!-- Generated by org.testng.reporters.JUnitReportReporter -->
<testsuite hostname="DESKTOP-BDCU2EV" failures="0" tests="1" name="Day_019_Frames.Switch_By_FrameName" time="5.573" errors="0" timestamp="2022-09-14T10:54:15 IST" skipped="0">
  <testcase classname="Day_019_Frames.Switch_By_FrameName" name="Login_Test" time="5.573"/>
  <system-out/>
</testsuite> <!-- Day_019_Frames.Switch_By_FrameName -->
