<?xml version="1.0" encoding="UTF-8"?>
<!-- Generated by org.testng.reporters.JUnitReportReporter -->
<testsuite hostname="DESKTOP-BDCU2EV" failures="0" tests="1" name="A_Emailablereports.Addskills1" time="19.865" errors="0" timestamp="2023-02-10T10:51:27 IST" skipped="0">
  <testcase classname="A_Emailablereports.Addskills1" name="samp" time="19.865"/>
  <system-out>
    <![CDATA[passed opening url
passed login with credentials
passed adding and saving skills]]>
  </system-out>
</testsuite> <!-- A_Emailablereports.Addskills1 -->
