<?xml version="1.0" encoding="UTF-8"?>
<!-- Generated by org.testng.reporters.JUnitReportReporter -->
<testsuite hostname="DESKTOP-BDCU2EV" failures="0" tests="1" name="ABC_DEMO7.TC01_Login" time="6.033" errors="0" timestamp="2023-01-24T11:15:05 IST" skipped="0">
  <testcase classname="ABC_DEMO7.TC01_Login" name="LoginTest" time="6.033"/>
  <system-out/>
</testsuite> <!-- ABC_DEMO7.TC01_Login -->
