<?xml version="1.0" encoding="UTF-8"?>
<!-- Generated by org.testng.reporters.JUnitReportReporter -->
<testsuite hostname="DESKTOP-BDCU2EV" failures="0" tests="1" name="Katalon.katalon123" time="11.584" errors="0" timestamp="2022-12-29T10:23:31 IST" skipped="0">
  <testcase classname="Katalon.katalon123" name="f" time="11.584"/>
  <system-out/>
</testsuite> <!-- Katalon.katalon123 -->
