<?xml version="1.0" encoding="UTF-8"?>
<!-- Generated by org.testng.reporters.JUnitReportReporter -->
<testsuite hostname="DESKTOP-BDCU2EV" failures="0" tests="1" name="Day_004_Dropdown.Amazon" time="13.058" errors="0" timestamp="2022-09-23T10:27:38 IST" skipped="0">
  <testcase classname="Day_004_Dropdown.Amazon" name="dropdown" time="13.058"/>
  <system-out/>
</testsuite> <!-- Day_004_Dropdown.Amazon -->
