<?xml version="1.0" encoding="UTF-8"?>
<!-- Generated by org.testng.reporters.JUnitReportReporter -->
<testsuite hostname="DESKTOP-BDCU2EV" failures="0" tests="1" name="March_1st_2023.TC01_Add_Skills3" time="18.400" errors="0" timestamp="2023-03-01T10:08:40 IST" skipped="0">
  <testcase classname="March_1st_2023.TC01_Add_Skills3" name="SkillsTest" time="18.400"/>
  <system-out/>
</testsuite> <!-- March_1st_2023.TC01_Add_Skills3 -->
