<?xml version="1.0" encoding="UTF-8"?>
<!-- Generated by org.testng.reporters.JUnitReportReporter -->
<testsuite hostname="DESKTOP-C185PLQ" failures="0" tests="1" name="Day_014_ParallelMethods.all_tests" time="8.013" errors="0" timestamp="2023-06-23T15:27:54 IST" skipped="0">
  <testcase classname="Day_014_ParallelMethods.all_tests" name="SkillsTest" time="8.013"/>
  <system-out/>
</testsuite> <!-- Day_014_ParallelMethods.all_tests -->
