<?xml version="1.0" encoding="UTF-8"?>
<!-- Generated by org.testng.reporters.JUnitReportReporter -->
<testsuite hostname="DESKTOP-BDCU2EV" failures="0" tests="1" name="Day_023_File_Upload_Download.TC02_AddPhoto_Existing_Employee1" time="44.007" errors="0" timestamp="2022-08-09T10:22:23 IST" skipped="0">
  <testcase classname="Day_023_File_Upload_Download.TC02_AddPhoto_Existing_Employee1" name="AddEmployee_call_allmethods" time="44.007"/>
  <system-out/>
</testsuite> <!-- Day_023_File_Upload_Download.TC02_AddPhoto_Existing_Employee1 -->
