<?xml version="1.0" encoding="UTF-8"?>
<!-- Generated by org.testng.reporters.JUnitReportReporter -->
<testsuite hostname="DESKTOP-C185PLQ" failures="0" tests="1" name="A_dropdown.withSelectTag" time="18.985" errors="0" timestamp="2023-06-23T19:29:11 IST" skipped="0">
  <testcase classname="A_dropdown.withSelectTag" name="f" time="18.985"/>
  <system-out/>
</testsuite> <!-- A_dropdown.withSelectTag -->
