<?xml version="1.0" encoding="UTF-8"?>
<!-- Generated by org.testng.reporters.JUnitReportReporter -->
<testsuite hostname="DESKTOP-C185PLQ" failures="0" tests="1" name="A_Date_picker.Date_picker" time="68.483" errors="0" timestamp="2023-07-07T20:37:09 IST" skipped="0">
  <testcase classname="A_Date_picker.Date_picker" name="samp" time="68.483"/>
</testsuite> <!-- A_Date_picker.Date_picker -->
