<?xml version="1.0" encoding="UTF-8"?>
<!-- Generated by org.testng.reporters.JUnitReportReporter -->
<testsuite hostname="DESKTOP-BDCU2EV" failures="0" tests="1" name="Day_023_File_Upload_Download.TC03_FileUpload2" time="52.999" errors="0" timestamp="2023-02-21T11:01:06 IST" skipped="0">
  <testcase classname="Day_023_File_Upload_Download.TC03_FileUpload2" name="File_upload" time="52.999"/>
  <system-out/>
</testsuite> <!-- Day_023_File_Upload_Download.TC03_FileUpload2 -->
