<?xml version="1.0" encoding="UTF-8"?>
<!-- Generated by org.testng.reporters.JUnitReportReporter -->
<testsuite hostname="DESKTOP-BDCU2EV" failures="0" tests="1" name="Day_021_Java_Script_Executer.NewTest" time="5.222" errors="0" timestamp="2022-09-24T11:14:49 IST" skipped="0">
  <testcase classname="Day_021_Java_Script_Executer.NewTest" name="BasicLogin" time="5.222"/>
  <system-out/>
</testsuite> <!-- Day_021_Java_Script_Executer.NewTest -->
