<?xml version="1.0" encoding="UTF-8"?>
<!-- Generated by org.testng.reporters.JUnitReportReporter -->
<testsuite hostname="DESKTOP-BDCU2EV" failures="0" tests="1" name="ABC_Data_Hai.TC01_Add_jobs_NonStatic_Parameters" time="11.846" errors="0" timestamp="2022-11-02T10:34:16 IST" skipped="0">
  <testcase classname="ABC_Data_Hai.TC01_Add_jobs_NonStatic_Parameters" name="JobsTest" time="11.846"/>
  <system-out/>
</testsuite> <!-- ABC_Data_Hai.TC01_Add_jobs_NonStatic_Parameters -->
