<?xml version="1.0" encoding="UTF-8"?>
<!-- Generated by org.testng.reporters.JUnitReportReporter -->
<testsuite hostname="DESKTOP-BDCU2EV" failures="0" tests="1" name="parallelexecutionTests.addnationality" time="20.722" errors="0" timestamp="2023-02-11T10:24:17 IST" skipped="0">
  <testcase classname="parallelexecutionTests.addnationality" name="f" time="20.722"/>
  <system-out/>
</testsuite> <!-- parallelexecutionTests.addnationality -->
