<?xml version="1.0" encoding="UTF-8"?>
<!-- Generated by org.testng.reporters.JUnitReportReporter -->
<testsuite hostname="DESKTOP-C185PLQ" failures="0" tests="1" name="A1_May26_2023.TC01_JOBS" time="20.606" errors="0" timestamp="2023-06-28T15:31:19 IST" skipped="0">
  <testcase classname="A1_May26_2023.TC01_JOBS" name="jobs" time="20.606"/>
  <system-out/>
</testsuite> <!-- A1_May26_2023.TC01_JOBS -->
