<?xml version="1.0" encoding="UTF-8"?>
<!-- Generated by org.testng.reporters.JUnitReportReporter -->
<testsuite hostname="DESKTOP-BDCU2EV" failures="0" tests="1" name="ABC_Demo112.TC01_Addition" time="17.767" errors="0" timestamp="2022-07-09T14:02:36 IST" skipped="0">
  <testcase classname="ABC_Demo112.TC01_Addition" name="Addition" time="17.767"/>
  <system-out/>
</testsuite> <!-- ABC_Demo112.TC01_Addition -->
