<?xml version="1.0" encoding="UTF-8"?>
<!-- Generated by org.testng.reporters.JUnitReportReporter -->
<testsuite hostname="DESKTOP-C185PLQ" failures="0" tests="1" name="A_Date_picker.Makemytrip" time="26.603" errors="0" timestamp="2023-07-06T17:19:13 IST" skipped="0">
  <testcase classname="A_Date_picker.Makemytrip" name="f" time="26.603"/>
</testsuite> <!-- A_Date_picker.Makemytrip -->
