<?xml version="1.0" encoding="UTF-8"?>
<!-- Generated by org.testng.reporters.JUnitReportReporter -->
<testsuite hostname="DESKTOP-BDCU2EV" failures="0" tests="2" name="Day_032_TestNG_Groups.AllTests" time="10.776" errors="0" timestamp="2022-08-16T10:32:38 IST" skipped="0">
  <testcase classname="Day_032_TestNG_Groups.AllTests" name="AddNationalities" time="4.938"/>
  <system-out/>
  <testcase classname="Day_032_TestNG_Groups.AllTests" name="AddJobs" time="5.838"/>
  <system-out/>
</testsuite> <!-- Day_032_TestNG_Groups.AllTests -->
