<?xml version="1.0" encoding="UTF-8"?>
<!-- Generated by org.testng.reporters.JUnitReportReporter -->
<testsuite hostname="DESKTOP-BDCU2EV" failures="0" tests="1" name="ABC_Demo20.TC01_SimpleInterest" time="0.008" errors="0" timestamp="2022-03-22T09:20:47 IST" skipped="0">
  <testcase classname="ABC_Demo20.TC01_SimpleInterest" name="SimTest" time="0.008"/>
  <system-out/>
</testsuite> <!-- ABC_Demo20.TC01_SimpleInterest -->
