<?xml version="1.0" encoding="UTF-8"?>
<!-- Generated by org.testng.reporters.JUnitReportReporter -->
<testsuite hostname="DESKTOP-C185PLQ" failures="0" tests="2" name="A_Groups.NewTest2" time="0.006" errors="0" timestamp="2023-07-06T06:27:14 IST" skipped="0">
  <testcase classname="A_Groups.NewTest2" name="Test2" time="0.003"/>
  <testcase classname="A_Groups.NewTest2" name="Test1" time="0.003"/>
</testsuite> <!-- A_Groups.NewTest2 -->
