<?xml version="1.0" encoding="UTF-8"?>
<!-- Generated by org.testng.reporters.JUnitReportReporter -->
<testsuite hostname="DESKTOP-BDCU2EV" failures="0" tests="1" name="ABC_Demo11.TC01_Login" time="17.455" errors="0" timestamp="2022-07-11T09:47:53 IST" skipped="0">
  <testcase classname="ABC_Demo11.TC01_Login" name="login_test" time="17.455"/>
  <system-out/>
</testsuite> <!-- ABC_Demo11.TC01_Login -->
