<?xml version="1.0" encoding="UTF-8"?>
<!-- Generated by org.testng.reporters.JUnitReportReporter -->
<testsuite hostname="DESKTOP-C185PLQ" failures="0" tests="1" name="Day_009_Extent_Reports.ExtentReport_Test" time="16.027" errors="0" timestamp="2023-07-21T20:09:52 IST" skipped="0">
  <testcase classname="Day_009_Extent_Reports.ExtentReport_Test" name="Report3_Test" time="16.027"/>
</testsuite> <!-- Day_009_Extent_Reports.ExtentReport_Test -->
