<?xml version="1.0" encoding="UTF-8"?>
<!-- Generated by org.testng.reporters.JUnitReportReporter -->
<testsuite hostname="DESKTOP-C185PLQ" failures="0" tests="1" name="A3_May17.TC01_Nationality" time="18.392" errors="0" timestamp="2023-06-17T14:23:17 IST" skipped="0">
  <testcase classname="A3_May17.TC01_Nationality" name="MainTest1" time="18.392"/>
  <system-out/>
</testsuite> <!-- A3_May17.TC01_Nationality -->
