<?xml version="1.0" encoding="UTF-8"?>
<!-- Generated by org.testng.reporters.JUnitReportReporter -->
<testsuite hostname="DESKTOP-BDCU2EV" failures="0" tests="1" name="ABB1.TC01_Login" time="6.836" errors="0" timestamp="2023-02-24T10:25:31 IST" skipped="0">
  <testcase classname="ABB1.TC01_Login" name="LoginTest" time="6.836"/>
  <system-out/>
</testsuite> <!-- ABB1.TC01_Login -->
