<?xml version="1.0" encoding="UTF-8"?>
<!-- Generated by org.testng.reporters.JUnitReportReporter -->
<testsuite hostname="DESKTOP-C185PLQ" failures="0" tests="1" name="A9_May.TC01_Static" time="25.712" errors="0" timestamp="2023-05-27T17:23:45 IST" skipped="0">
  <testcase classname="A9_May.TC01_Static" name="MainTest1" time="25.712"/>
  <system-out/>
</testsuite> <!-- A9_May.TC01_Static -->
