<?xml version="1.0" encoding="UTF-8"?>
<!-- Generated by org.testng.reporters.JUnitReportReporter -->
<testsuite hostname="DESKTOP-BDCU2EV" failures="0" tests="1" name="TESTCASES3.Test2_jobs" time="13.380" errors="0" timestamp="2023-05-11T11:14:01 IST" skipped="0">
  <testcase classname="TESTCASES3.Test2_jobs" name="MainTest" time="13.380"/>
  <system-out/>
</testsuite> <!-- TESTCASES3.Test2_jobs -->
