<?xml version="1.0" encoding="UTF-8"?>
<!-- Generated by org.testng.reporters.JUnitReportReporter -->
<testsuite hostname="DESKTOP-BDCU2EV" failures="0" tests="1" name="ABC_Data.TC01_Add_Numbers" time="0.015" errors="0" timestamp="2022-10-28T10:52:15 IST" skipped="0">
  <testcase classname="ABC_Data.TC01_Add_Numbers" name="Add_Sumof_numbers" time="0.015"/>
  <system-out/>
</testsuite> <!-- ABC_Data.TC01_Add_Numbers -->
