<?xml version="1.0" encoding="UTF-8"?>
<!-- Generated by org.testng.reporters.JUnitReportReporter -->
<testsuite hostname="DESKTOP-C185PLQ" failures="0" tests="2" name="A_Groups.NewTest1" time="0.029" errors="0" timestamp="2023-07-06T06:27:13 IST" skipped="0">
  <testcase classname="A_Groups.NewTest1" name="Test7" time="0.020"/>
  <testcase classname="A_Groups.NewTest1" name="Test8" time="0.009"/>
</testsuite> <!-- A_Groups.NewTest1 -->
