<?xml version="1.0" encoding="UTF-8"?>
<!-- Generated by org.testng.reporters.JUnitReportReporter -->
<testsuite hostname="DESKTOP-C185PLQ" failures="0" tests="1" name="A1_May_27.TC01_JOBS" time="28.983" errors="0" timestamp="2023-06-01T16:53:19 IST" skipped="0">
  <testcase classname="A1_May_27.TC01_JOBS" name="jobs" time="28.983"/>
  <system-out/>
</testsuite> <!-- A1_May_27.TC01_JOBS -->
