<?xml version="1.0" encoding="UTF-8"?>
<!-- Generated by org.testng.reporters.JUnitReportReporter -->
<testsuite hostname="DESKTOP-BDCU2EV" failures="0" tests="1" name="Day_001_Demo.TC03_Driver_Navigate_back" time="18.700" errors="0" timestamp="2023-01-03T11:28:10 IST" skipped="0">
  <testcase classname="Day_001_Demo.TC03_Driver_Navigate_back" name="login_test" time="18.700"/>
  <system-out/>
</testsuite> <!-- Day_001_Demo.TC03_Driver_Navigate_back -->
