<?xml version="1.0" encoding="UTF-8"?>
<!-- Generated by org.testng.reporters.JUnitReportReporter -->
<testsuite hostname="DESKTOP-BDCU2EV" failures="0" tests="1" name="Day_025_ExcelUtil_Apache_POI.Test11" time="0.023" errors="0" timestamp="2023-05-10T10:44:38 IST" skipped="0">
  <testcase classname="Day_025_ExcelUtil_Apache_POI.Test11" name="Test1" time="0.023"/>
  <system-out/>
</testsuite> <!-- Day_025_ExcelUtil_Apache_POI.Test11 -->
