<?xml version="1.0" encoding="UTF-8"?>
<!-- Generated by org.testng.reporters.JUnitReportReporter -->
<testsuite hostname="DESKTOP-BDCU2EV" failures="0" tests="1" name="A_frames.frame_by_webelement" time="8.597" errors="0" timestamp="2023-03-01T10:58:23 IST" skipped="0">
  <testcase classname="A_frames.frame_by_webelement" name="samp" time="8.597"/>
  <system-out/>
</testsuite> <!-- A_frames.frame_by_webelement -->
