<?xml version="1.0" encoding="UTF-8"?>
<!-- Generated by org.testng.reporters.JUnitReportReporter -->
<testsuite hostname="DESKTOP-BDCU2EV" failures="0" tests="1" name="Day_020_Multiple_Windows.TC01_Open_New_Tab" time="7.159" errors="0" timestamp="2022-09-24T11:22:30 IST" skipped="0">
  <testcase classname="Day_020_Multiple_Windows.TC01_Open_New_Tab" name="Login_Test" time="7.159"/>
  <system-out/>
</testsuite> <!-- Day_020_Multiple_Windows.TC01_Open_New_Tab -->
