<?xml version="1.0" encoding="UTF-8"?>
<!-- Generated by org.testng.reporters.JUnitReportReporter -->
<testsuite hostname="DESKTOP-VL2N6EH" failures="0" tests="1" name="Day_006_TestNG_DataProvider_Lab2.OrangeHRM_DataProvider_Lab1" time="0.000" errors="0" timestamp="2020-02-17T20:08:15 IST" skipped="1">
  <testcase classname="Day_006_TestNG_DataProvider_Lab2.OrangeHRM_DataProvider_Lab1" name="Test1" time="0.000">
    <skipped/>
  </testcase> <!-- Test1 -->
</testsuite> <!-- Day_006_TestNG_DataProvider_Lab2.OrangeHRM_DataProvider_Lab1 -->
