<?xml version="1.0" encoding="UTF-8"?>
<!-- Generated by org.testng.reporters.JUnitReportReporter -->
<testsuite hostname="DESKTOP-BDCU2EV" failures="0" tests="1" name="A_javascriptexe.gettitle" time="5.358" errors="0" timestamp="2023-02-09T09:45:39 IST" skipped="0">
  <testcase classname="A_javascriptexe.gettitle" name="samp" time="5.358"/>
  <system-out/>
</testsuite> <!-- A_javascriptexe.gettitle -->
