<?xml version="1.0" encoding="UTF-8"?>
<!-- Generated by org.testng.reporters.JUnitReportReporter -->
<testsuite hostname="DESKTOP-BDCU2EV" failures="0" tests="2" name="ABC_DataProvider.TC01_Add_Locations" time="37.868" errors="0" timestamp="2022-07-18T09:39:32 IST" skipped="0">
  <testcase classname="ABC_DataProvider.TC01_Add_Locations" name="SkillsTest" time="18.500"/>
  <system-out/>
  <testcase classname="ABC_DataProvider.TC01_Add_Locations" name="SkillsTest" time="19.368"/>
  <system-out/>
</testsuite> <!-- ABC_DataProvider.TC01_Add_Locations -->
