<?xml version="1.0" encoding="UTF-8"?>
<!-- Generated by org.testng.reporters.JUnitReportReporter -->
<testsuite hostname="DESKTOP-BDCU2EV" failures="0" tests="1" name="Day_35_Execute_Failed_TestCases.TC01_Add_Nationality" time="7.600" errors="0" timestamp="2022-08-06T11:08:40 IST" skipped="0">
  <testcase classname="Day_35_Execute_Failed_TestCases.TC01_Add_Nationality" name="Open_Mercury" time="7.600"/>
  <system-out/>
</testsuite> <!-- Day_35_Execute_Failed_TestCases.TC01_Add_Nationality -->
