<?xml version="1.0" encoding="UTF-8"?>
<!-- Generated by org.testng.reporters.JUnitReportReporter -->
<testsuite hostname="DESKTOP-BDCU2EV" failures="0" tests="1" name="Amazon.TC01_FindElements" time="12.074" errors="0" timestamp="2022-07-30T15:10:44 IST" skipped="0">
  <testcase classname="Amazon.TC01_FindElements" name="CartTest" time="12.074"/>
  <system-out/>
</testsuite> <!-- Amazon.TC01_FindElements -->
