<?xml version="1.0" encoding="UTF-8"?>
<!-- Generated by org.testng.reporters.JUnitReportReporter -->
<testsuite hostname="DESKTOP-BDCU2EV" failures="0" tests="1" name="ABC_Data.TC01_Login" time="7.750" errors="0" timestamp="2022-10-28T11:07:50 IST" skipped="0">
  <testcase classname="ABC_Data.TC01_Login" name="LoginTest" time="7.750"/>
  <system-out/>
</testsuite> <!-- ABC_Data.TC01_Login -->
