<?xml version="1.0" encoding="UTF-8"?>
<!-- Generated by org.testng.reporters.JUnitReportReporter -->
<testsuite hostname="DESKTOP-BDCU2EV" failures="0" tests="1" name="Day_022_Action_class.TC02_Double_Click" time="7.740" errors="0" timestamp="2022-11-09T14:56:29 IST" skipped="0">
  <testcase classname="Day_022_Action_class.TC02_Double_Click" name="Login_Test" time="7.740"/>
  <system-out/>
</testsuite> <!-- Day_022_Action_class.TC02_Double_Click -->
