<?xml version="1.0" encoding="UTF-8"?>
<!-- Generated by org.testng.reporters.JUnitReportReporter -->
<testsuite hostname="DESKTOP-BDCU2EV" failures="0" tests="1" name="File_upload.filedownload" time="30.744" errors="0" timestamp="2023-02-22T11:15:18 IST" skipped="0">
  <testcase classname="File_upload.filedownload" name="f" time="30.744"/>
  <system-out/>
</testsuite> <!-- File_upload.filedownload -->
