<?xml version="1.0" encoding="UTF-8"?>
<!-- Generated by org.testng.reporters.JUnitReportReporter -->
<testsuite hostname="DESKTOP-BDCU2EV" failures="0" tests="1" name="A_Rerun_Failedtestcases.addskills" time="15.543" errors="0" timestamp="2023-05-06T11:17:00 IST" skipped="0">
  <testcase classname="A_Rerun_Failedtestcases.addskills" name="f" time="15.543"/>
  <system-out/>
</testsuite> <!-- A_Rerun_Failedtestcases.addskills -->
