<?xml version="1.0" encoding="UTF-8"?>
<!-- Generated by org.testng.reporters.JUnitReportReporter -->
<testsuite hostname="DESKTOP-BDCU2EV" failures="0" tests="1" name="Day_35_Execute_Failed_TestCases.TC01_Add_Jobs" time="7.608" errors="0" timestamp="2022-08-06T11:04:31 IST" skipped="0">
  <testcase classname="Day_35_Execute_Failed_TestCases.TC01_Add_Jobs" name="Open_OrangeHRM" time="7.608"/>
  <system-out/>
</testsuite> <!-- Day_35_Execute_Failed_TestCases.TC01_Add_Jobs -->
