<?xml version="1.0" encoding="UTF-8"?>
<!-- Generated by org.testng.reporters.JUnitReportReporter -->
<testsuite hostname="DESKTOP-BDCU2EV" failures="0" tests="1" name="Day004.TC01_Add_Skills" time="19.103" errors="0" timestamp="2022-09-07T10:20:46 IST" skipped="0">
  <testcase classname="Day004.TC01_Add_Skills" name="SkillsTest" time="19.103"/>
  <system-out/>
</testsuite> <!-- Day004.TC01_Add_Skills -->
