<?xml version="1.0" encoding="UTF-8"?>
<!-- Generated by org.testng.reporters.JUnitReportReporter -->
<testsuite hostname="DESKTOP-BDCU2EV" failures="0" tests="1" name="Day001.TC01_Login" time="5.104" errors="0" timestamp="2022-08-30T11:13:25 IST" skipped="0">
  <testcase classname="Day001.TC01_Login" name="LoginTest" time="5.104"/>
  <system-out/>
</testsuite> <!-- Day001.TC01_Login -->
