<?xml version="1.0" encoding="UTF-8"?>
<!-- Generated by org.testng.reporters.JUnitReportReporter -->
<testsuite hostname="DESKTOP-VL2N6EH" failures="0" tests="1" name="Day_38_Selenium_Grid.SeleniumGrid" time="27.765" errors="0" timestamp="2020-03-02T20:46:08 IST" skipped="0">
  <testcase classname="Day_38_Selenium_Grid.SeleniumGrid" name="Test2" time="27.765"/>
</testsuite> <!-- Day_38_Selenium_Grid.SeleniumGrid -->
