<?xml version="1.0" encoding="UTF-8"?>
<!-- Generated by org.testng.reporters.JUnitReportReporter -->
<testsuite hostname="DESKTOP-BDCU2EV" failures="0" tests="1" name="Day_019_Frames.FrameByIndex" time="4.861" errors="0" timestamp="2022-09-14T11:00:42 IST" skipped="0">
  <testcase classname="Day_019_Frames.FrameByIndex" name="Login_Test" time="4.861"/>
  <system-out/>
</testsuite> <!-- Day_019_Frames.FrameByIndex -->
