<?xml version="1.0" encoding="UTF-8"?>
<!-- Generated by org.testng.reporters.JUnitReportReporter -->
<testsuite hostname="DESKTOP-BDCU2EV" failures="0" tests="1" name="Amazon.static_methods" time="15.967" errors="0" timestamp="2022-08-03T16:21:50 IST" skipped="0">
  <testcase classname="Amazon.static_methods" name="test01" time="15.967"/>
  <system-out/>
</testsuite> <!-- Amazon.static_methods -->
