<?xml version="1.0" encoding="UTF-8"?>
<!-- Generated by org.testng.reporters.JUnitReportReporter -->
<testsuite hostname="DESKTOP-BDCU2EV" failures="0" tests="1" name="Day_023_File_Upload_Download.TC03_FileUpload" time="68.953" errors="0" timestamp="2023-02-21T10:47:49 IST" skipped="0">
  <testcase classname="Day_023_File_Upload_Download.TC03_FileUpload" name="File_upload" time="68.953"/>
  <system-out/>
</testsuite> <!-- Day_023_File_Upload_Download.TC03_FileUpload -->
