<?xml version="1.0" encoding="UTF-8"?>
<!-- Generated by org.testng.reporters.JUnitReportReporter -->
<testsuite hostname="DESKTOP-BDCU2EV" failures="0" tests="1" name="Day_002_Java.TC06_WebElement_isDisplayed" time="2.936" errors="0" timestamp="2022-08-23T17:33:54 IST" skipped="0">
  <testcase classname="Day_002_Java.TC06_WebElement_isDisplayed" name="login_test" time="2.936"/>
  <system-out/>
</testsuite> <!-- Day_002_Java.TC06_WebElement_isDisplayed -->
