<?xml version="1.0" encoding="UTF-8"?>
<!-- Generated by org.testng.reporters.JUnitReportReporter -->
<testsuite hostname="DESKTOP-BDCU2EV" failures="0" tests="1" name="A_javascriptexe.Open_new_Tab" time="6.035" errors="0" timestamp="2023-02-17T10:52:56 IST" skipped="0">
  <testcase classname="A_javascriptexe.Open_new_Tab" name="samp" time="6.035"/>
  <system-out/>
</testsuite> <!-- A_javascriptexe.Open_new_Tab -->
