<?xml version="1.0" encoding="UTF-8"?>
<!-- Generated by org.testng.reporters.JUnitReportReporter -->
<testsuite hostname="DESKTOP-BDCU2EV" failures="0" tests="1" name="ABC_Demo118.TC01_Add_Skills5" time="17.746" errors="0" timestamp="2022-03-19T09:53:05 IST" skipped="0">
  <testcase classname="ABC_Demo118.TC01_Add_Skills5" name="SkillsTest" time="17.746"/>
  <system-out/>
</testsuite> <!-- ABC_Demo118.TC01_Add_Skills5 -->
