<?xml version="1.0" encoding="UTF-8"?>
<!-- Generated by org.testng.reporters.JUnitReportReporter -->
<testsuite hostname="DESKTOP-BDCU2EV" failures="0" tests="1" name="A_alerts.promptalert" time="10.001" errors="0" timestamp="2023-02-17T10:52:56 IST" skipped="0">
  <testcase classname="A_alerts.promptalert" name="samp" time="10.001"/>
  <system-out/>
</testsuite> <!-- A_alerts.promptalert -->
