<?xml version="1.0" encoding="UTF-8"?>
<!-- Generated by org.testng.reporters.JUnitReportReporter -->
<testsuite hostname="DESKTOP-BDCU2EV" failures="0" tests="1" name="Day_028_WebTable_Examples.ExportEmployees" time="74.509" errors="0" timestamp="2022-03-14T16:00:08 IST" skipped="0">
  <testcase classname="Day_028_WebTable_Examples.ExportEmployees" name="ExportAllEmployees" time="74.509"/>
  <system-out/>
</testsuite> <!-- Day_028_WebTable_Examples.ExportEmployees -->
