<?xml version="1.0" encoding="UTF-8"?>
<!-- Generated by org.testng.reporters.JUnitReportReporter -->
<testsuite hostname="DESKTOP-BDCU2EV" failures="0" tests="1" name="Day_003_Locators.TC08_tagName" time="13.560" errors="0" timestamp="2023-02-03T09:50:57 IST" skipped="0">
  <testcase classname="Day_003_Locators.TC08_tagName" name="Test2" time="13.560"/>
  <system-out/>
</testsuite> <!-- Day_003_Locators.TC08_tagName -->
