<?xml version="1.0" encoding="UTF-8"?>
<!-- Generated by org.testng.reporters.JUnitReportReporter -->
<testsuite hostname="DESKTOP-BDCU2EV" failures="0" tests="1" name="ABC_Demo116.TC01_Login" time="26.698" errors="0" timestamp="2022-03-12T09:48:34 IST" skipped="0">
  <testcase classname="ABC_Demo116.TC01_Login" name="LoginTest" time="26.698"/>
  <system-out/>
</testsuite> <!-- ABC_Demo116.TC01_Login -->
