<?xml version="1.0" encoding="UTF-8"?>
<!-- Generated by org.testng.reporters.JUnitReportReporter -->
<testsuite hostname="DESKTOP-BDCU2EV" failures="0" tests="1" name="ABC_Demo17.TC02_Add_Jobs" time="17.427" errors="0" timestamp="2022-03-14T09:29:52 IST" skipped="0">
  <testcase classname="ABC_Demo17.TC02_Add_Jobs" name="jobsAddTest" time="17.427"/>
  <system-out/>
</testsuite> <!-- ABC_Demo17.TC02_Add_Jobs -->
