<?xml version="1.0" encoding="UTF-8"?>
<!-- Generated by org.testng.reporters.JUnitReportReporter -->
<testsuite hostname="DESKTOP-VL2N6EH" failures="0" tests="1" name="Day_024_Advanced_Xpaths.TC005_Contains" time="17.951" errors="0" timestamp="2020-02-20T11:48:32 IST" skipped="0">
  <testcase classname="Day_024_Advanced_Xpaths.TC005_Contains" name="Test1" time="17.951"/>
</testsuite> <!-- Day_024_Advanced_Xpaths.TC005_Contains -->
