<?xml version="1.0" encoding="UTF-8"?>
<!-- Generated by org.testng.reporters.JUnitReportReporter -->
<testsuite hostname="DESKTOP-BDCU2EV" failures="0" tests="1" name="Day_029_PageObjectModel.TC01_Add_Nationalities" time="10.446" errors="0" timestamp="2022-08-04T10:22:58 IST" skipped="0">
  <testcase classname="Day_029_PageObjectModel.TC01_Add_Nationalities" name="Book_OneWay_Flight" time="10.446"/>
  <system-out/>
</testsuite> <!-- Day_029_PageObjectModel.TC01_Add_Nationalities -->
