<?xml version="1.0" encoding="UTF-8"?>
<!-- Generated by org.testng.reporters.JUnitReportReporter -->
<testsuite hostname="DESKTOP-BDCU2EV" failures="0" tests="1" name="Day003.TC01_Amazon_CartPage" time="34.448" errors="0" timestamp="2022-09-07T10:30:40 IST" skipped="0">
  <testcase classname="Day003.TC01_Amazon_CartPage" name="AddtoCartTest" time="34.448"/>
  <system-out/>
</testsuite> <!-- Day003.TC01_Amazon_CartPage -->
