<?xml version="1.0" encoding="UTF-8"?>
<!-- Generated by org.testng.reporters.JUnitReportReporter -->
<testsuite hostname="DESKTOP-BDCU2EV" failures="0" tests="1" name="Reporter_Example_Word.TC01_Test" time="0.603" errors="0" timestamp="2022-12-08T10:16:13 IST" skipped="0">
  <testcase classname="Reporter_Example_Word.TC01_Test" name="Test1" time="0.603"/>
  <system-out/>
</testsuite> <!-- Reporter_Example_Word.TC01_Test -->
