<?xml version="1.0" encoding="UTF-8"?>
<!-- Generated by org.testng.reporters.JUnitReportReporter -->
<testsuite hostname="DESKTOP-BDCU2EV" failures="0" tests="1" name="ABC_Feb2_2023.TC01_Add_Skills" time="13.662" errors="0" timestamp="2023-02-02T10:38:39 IST" skipped="0">
  <testcase classname="ABC_Feb2_2023.TC01_Add_Skills" name="SkillsTest" time="13.662"/>
  <system-out/>
</testsuite> <!-- ABC_Feb2_2023.TC01_Add_Skills -->
