<?xml version="1.0" encoding="UTF-8"?>
<!-- Generated by org.testng.reporters.JUnitReportReporter -->
<testsuite hostname="DESKTOP-BDCU2EV" failures="0" tests="1" name="Day_029_PageObjectModel3.TC01_Add_Skills" time="9.339" errors="0" timestamp="2022-08-04T10:33:21 IST" skipped="0">
  <testcase classname="Day_029_PageObjectModel3.TC01_Add_Skills" name="SkillsTest" time="9.339"/>
  <system-out/>
</testsuite> <!-- Day_029_PageObjectModel3.TC01_Add_Skills -->
