<?xml version="1.0" encoding="UTF-8"?>
<!-- Generated by org.testng.reporters.JUnitReportReporter -->
<testsuite hostname="DESKTOP-C185PLQ" failures="0" tests="1" name="A9_May.TC01_Nationality" time="36.342" errors="0" timestamp="2023-05-27T17:29:27 IST" skipped="0">
  <testcase classname="A9_May.TC01_Nationality" name="MainTest1" time="36.342"/>
  <system-out/>
</testsuite> <!-- A9_May.TC01_Nationality -->
