<?xml version="1.0" encoding="UTF-8"?>
<!-- Generated by org.testng.reporters.JUnitReportReporter -->
<testsuite hostname="DESKTOP-C185PLQ" failures="0" tests="1" name="A1_May26_2023.TC01_Nationality" time="41.342" errors="0" timestamp="2023-05-27T11:50:56 IST" skipped="0">
  <testcase classname="A1_May26_2023.TC01_Nationality" name="NationalityTest" time="41.342"/>
  <system-out/>
</testsuite> <!-- A1_May26_2023.TC01_Nationality -->
