<?xml version="1.0" encoding="UTF-8"?>
<!-- Generated by org.testng.reporters.JUnitReportReporter -->
<testsuite hostname="DESKTOP-VL2N6EH" failures="0" tests="1" name="Day_003_Locators.TC03_xpath" time="19.198" errors="0" timestamp="2020-02-25T20:13:42 IST" skipped="0">
  <testcase classname="Day_003_Locators.TC03_xpath" name="Test2" time="19.198"/>
</testsuite> <!-- Day_003_Locators.TC03_xpath -->
