<?xml version="1.0" encoding="UTF-8"?>
<!-- Generated by org.testng.reporters.JUnitReportReporter -->
<testsuite hostname="DESKTOP-BDCU2EV" failures="0" tests="1" name="ABC_ABC1.TC01_Add_Jobs" time="29.406" errors="0" timestamp="2023-01-27T10:43:13 IST" skipped="0">
  <testcase classname="ABC_ABC1.TC01_Add_Jobs" name="JobsTest" time="29.406"/>
  <system-out/>
</testsuite> <!-- ABC_ABC1.TC01_Add_Jobs -->
