<?xml version="1.0" encoding="UTF-8"?>
<!-- Generated by org.testng.reporters.JUnitReportReporter -->
<testsuite hostname="DESKTOP-BDCU2EV" failures="0" tests="1" name="Day_025_ExcelUtil_Apache_POI.TC02_Excel_Test_xlsx2" time="0.723" errors="0" timestamp="2022-08-19T11:39:44 IST" skipped="0">
  <testcase classname="Day_025_ExcelUtil_Apache_POI.TC02_Excel_Test_xlsx2" name="hello" time="0.723"/>
  <system-out/>
</testsuite> <!-- Day_025_ExcelUtil_Apache_POI.TC02_Excel_Test_xlsx2 -->
