<?xml version="1.0" encoding="UTF-8"?>
<!-- Generated by org.testng.reporters.JUnitReportReporter -->
<testsuite hostname="DESKTOP-BDCU2EV" failures="0" tests="1" name="TestNGParameters.TC01_Add_Skills_NonStatic_Parametrs" time="13.333" errors="0" timestamp="2023-02-22T11:39:52 IST" skipped="0">
  <testcase classname="TestNGParameters.TC01_Add_Skills_NonStatic_Parametrs" name="SkilsTest" time="13.333"/>
  <system-out/>
</testsuite> <!-- TestNGParameters.TC01_Add_Skills_NonStatic_Parametrs -->
