<?xml version="1.0" encoding="UTF-8"?>
<!-- Generated by org.testng.reporters.JUnitReportReporter -->
<testsuite hostname="DESKTOP-BDCU2EV" failures="0" tests="1" name="ABC_Data3.TC01_Login" time="0.008" errors="0" timestamp="2022-08-17T13:36:27 IST" skipped="0">
  <testcase classname="ABC_Data3.TC01_Login" name="Test1" time="0.008"/>
  <system-out/>
</testsuite> <!-- ABC_Data3.TC01_Login -->
