<?xml version="1.0" encoding="UTF-8"?>
<!-- Generated by org.testng.reporters.JUnitReportReporter -->
<testsuite hostname="DESKTOP-BDCU2EV" failures="0" tests="5" name="A_priorities.Facebook" time="0.019" errors="0" timestamp="2023-02-25T10:50:57 IST" skipped="0">
  <testcase classname="A_priorities.Facebook" name="Signup" time="0.012"/>
  <system-out/>
  <testcase classname="A_priorities.Facebook" name="Login" time="0.001"/>
  <system-out/>
  <testcase classname="A_priorities.Facebook" name="Login123" time="0.001"/>
  <system-out/>
  <testcase classname="A_priorities.Facebook" name="Activity" time="0.002"/>
  <system-out/>
  <testcase classname="A_priorities.Facebook" name="Logout" time="0.003"/>
  <system-out/>
</testsuite> <!-- A_priorities.Facebook -->
