<?xml version="1.0" encoding="UTF-8"?>
<!-- Generated by org.testng.reporters.JUnitReportReporter -->
<testsuite hostname="DESKTOP-C185PLQ" failures="0" tests="1" name="A_Date_picker.Irctcdemo" time="44.312" errors="0" timestamp="2023-07-07T19:19:00 IST" skipped="0">
  <testcase classname="A_Date_picker.Irctcdemo" name="f" time="44.312"/>
</testsuite> <!-- A_Date_picker.Irctcdemo -->
