<?xml version="1.0" encoding="UTF-8"?>
<!-- Generated by org.testng.reporters.JUnitReportReporter -->
<testsuite hostname="DESKTOP-C185PLQ" failures="0" tests="1" name="A3_May17.TC01_Nationality2" time="28.259" errors="0" timestamp="2023-06-22T15:40:12 IST" skipped="0">
  <testcase classname="A3_May17.TC01_Nationality2" name="MainTest1" time="28.259"/>
  <system-out/>
</testsuite> <!-- A3_May17.TC01_Nationality2 -->
