<?xml version="1.0" encoding="UTF-8"?>
<!-- Generated by org.testng.reporters.JUnitReportReporter -->
<testsuite hostname="DESKTOP-BDCU2EV" failures="0" tests="1" name="A_Waits.explicitwait" time="6.727" errors="0" timestamp="2022-12-21T10:29:58 IST" skipped="0">
  <testcase classname="A_Waits.explicitwait" name="f" time="6.727"/>
  <system-out/>
</testsuite> <!-- A_Waits.explicitwait -->
