<?xml version="1.0" encoding="UTF-8"?>
<!-- Generated by org.testng.reporters.JUnitReportReporter -->
<testsuite hostname="DESKTOP-BDCU2EV" failures="0" tests="1" name="Day_37_BrokenLinks.BrokenLinks" time="32.596" errors="0" timestamp="2022-08-26T10:11:34 IST" skipped="0">
  <testcase classname="Day_37_BrokenLinks.BrokenLinks" name="Open_OrangeHRM" time="32.596"/>
  <system-out/>
</testsuite> <!-- Day_37_BrokenLinks.BrokenLinks -->
