<?xml version="1.0" encoding="UTF-8"?>
<!-- Generated by org.testng.reporters.JUnitReportReporter -->
<testsuite hostname="DESKTOP-BDCU2EV" failures="0" tests="1" name="ABC_Demo1.TC01_Login" time="4.838" errors="0" timestamp="2023-04-20T11:54:44 IST" skipped="0">
  <testcase classname="ABC_Demo1.TC01_Login" name="LoginTest" time="4.838"/>
  <system-out/>
</testsuite> <!-- ABC_Demo1.TC01_Login -->
