<?xml version="1.0" encoding="UTF-8"?>
<!-- Generated by org.testng.reporters.JUnitReportReporter -->
<testsuite hostname="DESKTOP-VL2N6EH" failures="0" tests="1" name="Day_023_File_Upload_Download.TC06_AddPhoto_New_Employee" time="44.904" errors="0" timestamp="2020-02-21T19:03:01 IST" skipped="0">
  <testcase classname="Day_023_File_Upload_Download.TC06_AddPhoto_New_Employee" name="AddEmployee_call_allmethods" time="44.904"/>
</testsuite> <!-- Day_023_File_Upload_Download.TC06_AddPhoto_New_Employee -->
