<?xml version="1.0" encoding="UTF-8"?>
<!-- Generated by org.testng.reporters.JUnitReportReporter -->
<testsuite hostname="DESKTOP-BDCU2EV" failures="0" tests="1" name="Day_018_Waits.Test67" time="8.870" errors="0" timestamp="2022-08-20T15:55:51 IST" skipped="0">
  <testcase classname="Day_018_Waits.Test67" name="Tesdt56" time="8.870"/>
  <system-out/>
</testsuite> <!-- Day_018_Waits.Test67 -->
