<?xml version="1.0" encoding="UTF-8"?>
<!-- Generated by org.testng.reporters.JUnitReportReporter -->
<testsuite hostname="DESKTOP-BDCU2EV" failures="0" tests="1" name="ABC_ABC.TC01_Login" time="14.751" errors="0" timestamp="2023-01-25T11:01:50 IST" skipped="0">
  <testcase classname="ABC_ABC.TC01_Login" name="LoginTest" time="14.751"/>
  <system-out/>
</testsuite> <!-- ABC_ABC.TC01_Login -->
