<?xml version="1.0" encoding="UTF-8"?>
<!-- Generated by org.testng.reporters.JUnitReportReporter -->
<testsuite hostname="DESKTOP-BDCU2EV" failures="0" tests="1" name="ABC_ABC1.TC01_Add_Jobs2" time="27.531" errors="0" timestamp="2023-02-10T10:54:56 IST" skipped="0">
  <testcase classname="ABC_ABC1.TC01_Add_Jobs2" name="JobsTest" time="27.531"/>
  <system-out/>
</testsuite> <!-- ABC_ABC1.TC01_Add_Jobs2 -->
