<?xml version="1.0" encoding="UTF-8"?>
<!-- Generated by org.testng.reporters.JUnitReportReporter -->
<testsuite hostname="DESKTOP-BDCU2EV" failures="0" tests="1" name="A_javascriptexe.sendkeys_and_click" time="9.879" errors="0" timestamp="2023-02-09T10:35:08 IST" skipped="0">
  <testcase classname="A_javascriptexe.sendkeys_and_click" name="samp" time="9.879"/>
  <system-out/>
</testsuite> <!-- A_javascriptexe.sendkeys_and_click -->
