<?xml version="1.0" encoding="UTF-8"?>
<!-- Generated by org.testng.reporters.JUnitReportReporter -->
<testsuite hostname="DESKTOP-BDCU2EV" failures="0" tests="1" name="A_Waits.Threadsleep" time="11.923" errors="0" timestamp="2023-02-25T10:57:26 IST" skipped="0">
  <testcase classname="A_Waits.Threadsleep" name="f" time="11.923"/>
  <system-out/>
</testsuite> <!-- A_Waits.Threadsleep -->
