<?xml version="1.0" encoding="UTF-8"?>
<!-- Generated by org.testng.reporters.JUnitReportReporter -->
<testsuite hostname="DESKTOP-BDCU2EV" failures="0" tests="1" name="ABC_Demo5.TC01_Login_Static_Parameters" time="17.604" errors="0" timestamp="2022-02-05T12:43:40 IST" skipped="0">
  <testcase classname="ABC_Demo5.TC01_Login_Static_Parameters" name="loginTest" time="17.604"/>
  <system-out/>
</testsuite> <!-- ABC_Demo5.TC01_Login_Static_Parameters -->
