<?xml version="1.0" encoding="UTF-8"?>
<!-- Generated by org.testng.reporters.JUnitReportReporter -->
<testsuite hostname="DESKTOP-BDCU2EV" failures="0" tests="1" name="Day_025_ExcelUtil_Apache_POI.Test12" time="0.015" errors="0" timestamp="2023-05-10T10:35:02 IST" skipped="0">
  <testcase classname="Day_025_ExcelUtil_Apache_POI.Test12" name="Test1" time="0.015"/>
  <system-out/>
</testsuite> <!-- Day_025_ExcelUtil_Apache_POI.Test12 -->
