<?xml version="1.0" encoding="UTF-8"?>
<!-- Generated by org.testng.reporters.JUnitReportReporter -->
<testsuite hostname="DESKTOP-BDCU2EV" failures="0" tests="3" name="A_dataprovider.Performance" time="34.138" errors="0" timestamp="2023-02-23T11:35:48 IST" skipped="0">
  <testcase classname="A_dataprovider.Performance" name="skills" time="10.843"/>
  <system-out/>
  <testcase classname="A_dataprovider.Performance" name="skills" time="14.467"/>
  <system-out/>
  <testcase classname="A_dataprovider.Performance" name="skills" time="8.828"/>
  <system-out/>
</testsuite> <!-- A_dataprovider.Performance -->
