<?xml version="1.0" encoding="UTF-8"?>
<!-- Generated by org.testng.reporters.JUnitReportReporter -->
<testsuite hostname="DESKTOP-BDCU2EV" failures="0" tests="1" name="Amazon.TC01_Add_Cart3" time="27.001" errors="0" timestamp="2022-08-02T10:16:55 IST" skipped="0">
  <testcase classname="Amazon.TC01_Add_Cart3" name="CartTest" time="27.001"/>
  <system-out/>
</testsuite> <!-- Amazon.TC01_Add_Cart3 -->
