<?xml version="1.0" encoding="UTF-8"?>
<!-- Generated by org.testng.reporters.JUnitReportReporter -->
<testsuite hostname="DESKTOP-BDCU2EV" failures="0" tests="1" name="A_Rerun_Failedtestcases.addjobs" time="16.610" errors="0" timestamp="2023-05-06T11:19:05 IST" skipped="0">
  <testcase classname="A_Rerun_Failedtestcases.addjobs" name="samp" time="16.610"/>
  <system-out/>
</testsuite> <!-- A_Rerun_Failedtestcases.addjobs -->
