<?xml version="1.0" encoding="UTF-8"?>
<!-- Generated by org.testng.reporters.JUnitReportReporter -->
<testsuite hostname="DESKTOP-BDCU2EV" failures="0" tests="1" name="TESTCASE2.TC01_Add_Skills" time="13.517" errors="0" timestamp="2022-11-23T10:23:17 IST" skipped="0">
  <testcase classname="TESTCASE2.TC01_Add_Skills" name="Skillsest" time="13.517"/>
  <system-out/>
</testsuite> <!-- TESTCASE2.TC01_Add_Skills -->
