<?xml version="1.0" encoding="UTF-8"?>
<!-- Generated by org.testng.reporters.JUnitReportReporter -->
<testsuite hostname="DESKTOP-BDCU2EV" failures="0" tests="1" name="ABC_Data2.TC02_Login" time="13.975" errors="0" timestamp="2022-07-19T15:58:14 IST" skipped="0">
  <testcase classname="ABC_Data2.TC02_Login" name="LoginTest" time="13.975"/>
  <system-out/>
</testsuite> <!-- ABC_Data2.TC02_Login -->
