<?xml version="1.0" encoding="UTF-8"?>
<!-- Generated by org.testng.reporters.JUnitReportReporter -->
<testsuite hostname="DESKTOP-BDCU2EV" failures="0" tests="1" name="ABC_123.TC01_Test" time="7.285" errors="0" timestamp="2022-11-04T11:05:10 IST" skipped="0">
  <testcase classname="ABC_123.TC01_Test" name="SkilsTest" time="7.285"/>
  <system-out/>
</testsuite> <!-- ABC_123.TC01_Test -->
