<?xml version="1.0" encoding="UTF-8"?>
<!-- Generated by org.testng.reporters.JUnitReportReporter -->
<testsuite hostname="DESKTOP-BDCU2EV" failures="0" tests="1" name="A_alerts.promptalert11" time="10.281" errors="0" timestamp="2023-02-17T10:35:13 IST" skipped="0">
  <testcase classname="A_alerts.promptalert11" name="samp" time="10.281"/>
  <system-out/>
</testsuite> <!-- A_alerts.promptalert11 -->
