<?xml version="1.0" encoding="UTF-8"?>
<!-- Generated by org.testng.reporters.JUnitReportReporter -->
<testsuite hostname="DESKTOP-BDCU2EV" failures="0" tests="3" name="Day_013_TestNG_Paraneters1.BrowserTesting_DataProvider3" time="25.799" errors="0" timestamp="2022-07-26T09:48:27 IST" skipped="0">
  <testcase classname="Day_013_TestNG_Paraneters1.BrowserTesting_DataProvider3" name="Test3" time="15.004"/>
  <system-out>
    <![CDATA[<table> <tr >  <img   style="border:1px solid black;"      src="C:\HTML Report\HtmlTemplates\Logo.JPEG"></tr><tr   ><center><font color="red"  size="15" >TC01_Nationality_Iterration_1</font></center></tr><tr bgcolor="#9370DB"> <th width="100px"> <center><font color="white"  size="4" >Steps</font></center><font color="white"  size="4" ></font></center> </th> <th width="450px" ><center><font color="white"  size="4" >Details </font> </center></th> <th width="100px" ><center><font color="white"  size="4" >Status</font></center></th>  <th  width="250px"  ><center><font color="white"  size="4" >Screen Shots</font></center></th> <th width="250px"  ><center><font color="white"  size="4" >Date & Time</font></center></th>  </tr>       
 <tr bgcolor="#eee"> <th width="100px"> <center>Step&nbsp;1</center> </th> <th width="450px" ><center><b><font color='black'>   Open chrome Browser and URL </b> </font></center></th> <th width="100px" ><center><img src='file:///C:\HTML Report\HtmlTemplates\passed.ico'    +     "width="30" + height="30"></img></center></th>  <th  width="250px"  ><center><a href=C:/HTML Report/test-output/TempScreenShots/TC01_Nationality_Iterration_1_2022_Jul_26_9_48_00_763_AM/26_Jul_2022 9_48_03_862 AM.png target="popup" onclick="window.open('C:/HTML Report/test-output/TempScreenShots/TC01_Nationality_Iterration_1_2022_Jul_26_9_48_00_763_AM/26_Jul_2022 9_48_03_862 AM.png','popup','width=600,height=600'); return false;"> ScreenShot</a> </center></th> <th width="250px"  ><center>2022_Jul_26_9_48_04_255_AM</center></th>  </tr>      
 <tr bgcolor="#ddd"> <th width="100px"> <center>Step&nbsp;2</center> </th> <th width="450px" ><center><b><font color='black'>   UserName Entered</b> </font></center></th> <th width="100px" ><center><img src='file:///C:\HTML Report\HtmlTemplates\passed.ico'    +     "width="30" + height="30"></img></center></th>  <th  width="250px"  ><center><a href=C:/HTML Report/test-output/TempScreenShots/TC01_Nationality_Iterration_1_2022_Jul_26_9_48_00_763_AM/26_Jul_2022 9_48_04_384 AM.png target="popup" onclick="window.open('C:/HTML Report/test-output/TempScreenShots/TC01_Nationality_Iterration_1_2022_Jul_26_9_48_00_763_AM/26_Jul_2022 9_48_04_384 AM.png','popup','width=600,height=600'); return false;"> ScreenShot</a> </center></th> <th width="250px"  ><center>2022_Jul_26_9_48_04_591_AM</center></th>  </tr>      
 <tr bgcolor="#eee"> <th width="100px"> <center>Step&nbsp;3</center> </th> <th width="450px" ><center><b><font color='black'>   Password Entered</b> </font></center></th> <th width="100px" ><center><img src='file:///C:\HTML Report\HtmlTemplates\passed.ico'    +     "width="30" + height="30"></img></center></th>  <th  width="250px"  ><center><a href=C:/HTML Report/test-output/TempScreenShots/TC01_Nationality_Iterration_1_2022_Jul_26_9_48_00_763_AM/26_Jul_2022 9_48_04_741 AM.png target="popup" onclick="window.open('C:/HTML Report/test-output/TempScreenShots/TC01_Nationality_Iterration_1_2022_Jul_26_9_48_00_763_AM/26_Jul_2022 9_48_04_741 AM.png','popup','width=600,height=600'); return false;"> ScreenShot</a> </center></th> <th width="250px"  ><center>2022_Jul_26_9_48_04_981_AM</center></th>  </tr>      
 <tr bgcolor="#ddd"> <th width="100px"> <center>Step&nbsp;4</center> </th> <th width="450px" ><center><b><font color='black'>   Sign In  Clicked</b> </font></center></th> <th width="100px" ><center><img src='file:///C:\HTML Report\HtmlTemplates\passed.ico'    +     "width="30" + height="30"></img></center></th>  <th  width="250px"  ><center><a href=C:/HTML Report/test-output/TempScreenShots/TC01_Nationality_Iterration_1_2022_Jul_26_9_48_00_763_AM/26_Jul_2022 9_48_09_335 AM.png target="popup" onclick="window.open('C:/HTML Report/test-output/TempScreenShots/TC01_Nationality_Iterration_1_2022_Jul_26_9_48_00_763_AM/26_Jul_2022 9_48_09_335 AM.png','popup','width=600,height=600'); return false;"> ScreenShot</a> </center></th> <th width="250px"  ><center>2022_Jul_26_9_48_09_522_AM</center></th>  </tr>      
 <tr bgcolor="#eee"> <th width="100px"> <center>Step&nbsp;5</center> </th> <th width="450px" ><center><b><font color='black'>   Clicked on Admin </b> </font></center></th> <th width="100px" ><center><img src='file:///C:\HTML Report\HtmlTemplates\passed.ico'    +     "width="30" + height="30"></img></center></th>  <th  width="250px"  ><center><a href=C:/HTML Report/test-output/TempScreenShots/TC01_Nationality_Iterration_1_2022_Jul_26_9_48_00_763_AM/26_Jul_2022 9_48_09_598 AM.png target="popup" onclick="window.open('C:/HTML Report/test-output/TempScreenShots/TC01_Nationality_Iterration_1_2022_Jul_26_9_48_00_763_AM/26_Jul_2022 9_48_09_598 AM.png','popup','width=600,height=600'); return false;"> ScreenShot</a> </center></th> <th width="250px"  ><center>2022_Jul_26_9_48_09_794_AM</center></th>  </tr>      
 <tr bgcolor="#ddd"> <th width="100px"> <center>Step&nbsp;6</center> </th> <th width="450px" ><center><b><font color='black'>   Clicked on Nationality </b> </font></center></th> <th width="100px" ><center><img src='file:///C:\HTML Report\HtmlTemplates\passed.ico'    +     "width="30" + height="30"></img></center></th>  <th  width="250px"  ><center><a href=C:/HTML Report/test-output/TempScreenShots/TC01_Nationality_Iterration_1_2022_Jul_26_9_48_00_763_AM/26_Jul_2022 9_48_11_858 AM.png target="popup" onclick="window.open('C:/HTML Report/test-output/TempScreenShots/TC01_Nationality_Iterration_1_2022_Jul_26_9_48_00_763_AM/26_Jul_2022 9_48_11_858 AM.png','popup','width=600,height=600'); return false;"> ScreenShot</a> </center></th> <th width="250px"  ><center>2022_Jul_26_9_48_12_050_AM</center></th>  </tr>      
 <tr bgcolor="#eee"> <th width="100px"> <center>Step&nbsp;7</center> </th> <th width="450px" ><center><b><font color='black'>   Clicked on Nationality Add </b> </font></center></th> <th width="100px" ><center><img src='file:///C:\HTML Report\HtmlTemplates\passed.ico'    +     "width="30" + height="30"></img></center></th>  <th  width="250px"  ><center><a href=C:/HTML Report/test-output/TempScreenShots/TC01_Nationality_Iterration_1_2022_Jul_26_9_48_00_763_AM/26_Jul_2022 9_48_13_382 AM.png target="popup" onclick="window.open('C:/HTML Report/test-output/TempScreenShots/TC01_Nationality_Iterration_1_2022_Jul_26_9_48_00_763_AM/26_Jul_2022 9_48_13_382 AM.png','popup','width=600,height=600'); return false;"> ScreenShot</a> </center></th> <th width="250px"  ><center>2022_Jul_26_9_48_13_555_AM</center></th>  </tr>      
 <tr bgcolor="#ddd"> <th width="100px"> <center>Step&nbsp;8</center> </th> <th width="450px" ><center><b><font color='black'>   Entered Nationality Text</b> </font></center></th> <th width="100px" ><center><img src='file:///C:\HTML Report\HtmlTemplates\passed.ico'    +     "width="30" + height="30"></img></center></th>  <th  width="250px"  ><center><a href=C:/HTML Report/test-output/TempScreenShots/TC01_Nationality_Iterration_1_2022_Jul_26_9_48_00_763_AM/26_Jul_2022 9_48_13_689 AM.png target="popup" onclick="window.open('C:/HTML Report/test-output/TempScreenShots/TC01_Nationality_Iterration_1_2022_Jul_26_9_48_00_763_AM/26_Jul_2022 9_48_13_689 AM.png','popup','width=600,height=600'); return false;"> ScreenShot</a> </center></th> <th width="250px"  ><center>2022_Jul_26_9_48_13_871_AM</center></th>  </tr>      
 <tr bgcolor="#eee"> <th width="100px"> <center>Step&nbsp;9</center> </th> <th width="450px" ><center><b><font color='black'>   Clicked on Nationality Save</b> </font></center></th> <th width="100px" ><center><img src='file:///C:\HTML Report\HtmlTemplates\passed.ico'    +     "width="30" + height="30"></img></center></th>  <th  width="250px"  ><center><a href=C:/HTML Report/test-output/TempScreenShots/TC01_Nationality_Iterration_1_2022_Jul_26_9_48_00_763_AM/26_Jul_2022 9_48_15_129 AM.png target="popup" onclick="window.open('C:/HTML Report/test-output/TempScreenShots/TC01_Nationality_Iterration_1_2022_Jul_26_9_48_00_763_AM/26_Jul_2022 9_48_15_129 AM.png','popup','width=600,height=600'); return false;"> ScreenShot</a> </center></th> <th width="250px"  ><center>2022_Jul_26_9_48_15_352_AM</center></th>  </tr>      
 <tr bgcolor="#ddd"> <th width="100px"> <center>Step&nbsp;10</center> </th> <th width="450px" ><center><b><font color='black'>   Scroll Nationality </b> </font></center></th> <th width="100px" ><center><img src='file:///C:\HTML Report\HtmlTemplates\passed.ico'    +     "width="30" + height="30"></img></center></th>  <th  width="250px"  ><center><a href=C:/HTML Report/test-output/TempScreenShots/TC01_Nationality_Iterration_1_2022_Jul_26_9_48_00_763_AM/26_Jul_2022 9_48_15_495 AM.png target="popup" onclick="window.open('C:/HTML Report/test-output/TempScreenShots/TC01_Nationality_Iterration_1_2022_Jul_26_9_48_00_763_AM/26_Jul_2022 9_48_15_495 AM.png','popup','width=600,height=600'); return false;"> ScreenShot</a> </center></th> <th width="250px"  ><center>2022_Jul_26_9_48_15_664_AM</center></th>  </tr>      ]]>
  </system-out>
  <testcase classname="Day_013_TestNG_Paraneters1.BrowserTesting_DataProvider3" name="Test3" time="5.447"/>
  <system-out>
    <![CDATA[<table> <tr >  <img   style="border:1px solid black;"      src="C:\HTML Report\HtmlTemplates\Logo.JPEG"></tr><tr   ><center><font color="red"  size="15" >TC01_Nationality_Iterration_3</font></center></tr><tr bgcolor="#9370DB"> <th width="100px"> <center><font color="white"  size="4" >Steps</font></center><font color="white"  size="4" ></font></center> </th> <th width="450px" ><center><font color="white"  size="4" >Details </font> </center></th> <th width="100px" ><center><font color="white"  size="4" >Status</font></center></th>  <th  width="250px"  ><center><font color="white"  size="4" >Screen Shots</font></center></th> <th width="250px"  ><center><font color="white"  size="4" >Date & Time</font></center></th>  </tr>       
 <tr bgcolor="#eee"> <th width="100px"> <center>Step&nbsp;1</center> </th> <th width="450px" ><center><b><font color='black'>   Clicked on Admin </b> </font></center></th> <th width="100px" ><center><img src='file:///C:\HTML Report\HtmlTemplates\passed.ico'    +     "width="30" + height="30"></img></center></th>  <th  width="250px"  ><center><a href=C:/HTML Report/test-output/TempScreenShots/TC01_Nationality_Iterration_3_2022_Jul_26_9_48_21_018_AM/26_Jul_2022 9_48_21_077 AM.png target="popup" onclick="window.open('C:/HTML Report/test-output/TempScreenShots/TC01_Nationality_Iterration_3_2022_Jul_26_9_48_21_018_AM/26_Jul_2022 9_48_21_077 AM.png','popup','width=600,height=600'); return false;"> ScreenShot</a> </center></th> <th width="250px"  ><center>2022_Jul_26_9_48_21_244_AM</center></th>  </tr>      
 <tr bgcolor="#ddd"> <th width="100px"> <center>Step&nbsp;2</center> </th> <th width="450px" ><center><b><font color='black'>   Clicked on Nationality </b> </font></center></th> <th width="100px" ><center><img src='file:///C:\HTML Report\HtmlTemplates\passed.ico'    +     "width="30" + height="30"></img></center></th>  <th  width="250px"  ><center><a href=C:/HTML Report/test-output/TempScreenShots/TC01_Nationality_Iterration_3_2022_Jul_26_9_48_21_018_AM/26_Jul_2022 9_48_22_660 AM.png target="popup" onclick="window.open('C:/HTML Report/test-output/TempScreenShots/TC01_Nationality_Iterration_3_2022_Jul_26_9_48_21_018_AM/26_Jul_2022 9_48_22_660 AM.png','popup','width=600,height=600'); return false;"> ScreenShot</a> </center></th> <th width="250px"  ><center>2022_Jul_26_9_48_22_871_AM</center></th>  </tr>      
 <tr bgcolor="#eee"> <th width="100px"> <center>Step&nbsp;3</center> </th> <th width="450px" ><center><b><font color='black'>   Clicked on Nationality Add </b> </font></center></th> <th width="100px" ><center><img src='file:///C:\HTML Report\HtmlTemplates\passed.ico'    +     "width="30" + height="30"></img></center></th>  <th  width="250px"  ><center><a href=C:/HTML Report/test-output/TempScreenShots/TC01_Nationality_Iterration_3_2022_Jul_26_9_48_21_018_AM/26_Jul_2022 9_48_24_012 AM.png target="popup" onclick="window.open('C:/HTML Report/test-output/TempScreenShots/TC01_Nationality_Iterration_3_2022_Jul_26_9_48_21_018_AM/26_Jul_2022 9_48_24_012 AM.png','popup','width=600,height=600'); return false;"> ScreenShot</a> </center></th> <th width="250px"  ><center>2022_Jul_26_9_48_24_215_AM</center></th>  </tr>      
 <tr bgcolor="#ddd"> <th width="100px"> <center>Step&nbsp;4</center> </th> <th width="450px" ><center><b><font color='black'>   Entered Nationality Text</b> </font></center></th> <th width="100px" ><center><img src='file:///C:\HTML Report\HtmlTemplates\passed.ico'    +     "width="30" + height="30"></img></center></th>  <th  width="250px"  ><center><a href=C:/HTML Report/test-output/TempScreenShots/TC01_Nationality_Iterration_3_2022_Jul_26_9_48_21_018_AM/26_Jul_2022 9_48_24_353 AM.png target="popup" onclick="window.open('C:/HTML Report/test-output/TempScreenShots/TC01_Nationality_Iterration_3_2022_Jul_26_9_48_21_018_AM/26_Jul_2022 9_48_24_353 AM.png','popup','width=600,height=600'); return false;"> ScreenShot</a> </center></th> <th width="250px"  ><center>2022_Jul_26_9_48_24_540_AM</center></th>  </tr>      
 <tr bgcolor="#eee"> <th width="100px"> <center>Step&nbsp;5</center> </th> <th width="450px" ><center><b><font color='black'>   Clicked on Nationality Save</b> </font></center></th> <th width="100px" ><center><img src='file:///C:\HTML Report\HtmlTemplates\passed.ico'    +     "width="30" + height="30"></img></center></th>  <th  width="250px"  ><center><a href=C:/HTML Report/test-output/TempScreenShots/TC01_Nationality_Iterration_3_2022_Jul_26_9_48_21_018_AM/26_Jul_2022 9_48_25_857 AM.png target="popup" onclick="window.open('C:/HTML Report/test-output/TempScreenShots/TC01_Nationality_Iterration_3_2022_Jul_26_9_48_21_018_AM/26_Jul_2022 9_48_25_857 AM.png','popup','width=600,height=600'); return false;"> ScreenShot</a> </center></th> <th width="250px"  ><center>2022_Jul_26_9_48_26_109_AM</center></th>  </tr>      
 <tr bgcolor="#ddd"> <th width="100px"> <center>Step&nbsp;6</center> </th> <th width="450px" ><center><b><font color='black'>   Scroll Nationality </b> </font></center></th> <th width="100px" ><center><img src='file:///C:\HTML Report\HtmlTemplates\passed.ico'    +     "width="30" + height="30"></img></center></th>  <th  width="250px"  ><center><a href=C:/HTML Report/test-output/TempScreenShots/TC01_Nationality_Iterration_3_2022_Jul_26_9_48_21_018_AM/26_Jul_2022 9_48_26_272 AM.png target="popup" onclick="window.open('C:/HTML Report/test-output/TempScreenShots/TC01_Nationality_Iterration_3_2022_Jul_26_9_48_21_018_AM/26_Jul_2022 9_48_26_272 AM.png','popup','width=600,height=600'); return false;"> ScreenShot</a> </center></th> <th width="250px"  ><center>2022_Jul_26_9_48_26_463_AM</center></th>  </tr>      ]]>
  </system-out>
  <testcase classname="Day_013_TestNG_Paraneters1.BrowserTesting_DataProvider3" name="Test3" time="5.348"/>
  <system-out>
    <![CDATA[<table> <tr >  <img   style="border:1px solid black;"      src="C:\HTML Report\HtmlTemplates\Logo.JPEG"></tr><tr   ><center><font color="red"  size="15" >TC01_Nationality_Iterration_2</font></center></tr><tr bgcolor="#9370DB"> <th width="100px"> <center><font color="white"  size="4" >Steps</font></center><font color="white"  size="4" ></font></center> </th> <th width="450px" ><center><font color="white"  size="4" >Details </font> </center></th> <th width="100px" ><center><font color="white"  size="4" >Status</font></center></th>  <th  width="250px"  ><center><font color="white"  size="4" >Screen Shots</font></center></th> <th width="250px"  ><center><font color="white"  size="4" >Date & Time</font></center></th>  </tr>       
 <tr bgcolor="#eee"> <th width="100px"> <center>Step&nbsp;1</center> </th> <th width="450px" ><center><b><font color='black'>   Clicked on Admin </b> </font></center></th> <th width="100px" ><center><img src='file:///C:\HTML Report\HtmlTemplates\passed.ico'    +     "width="30" + height="30"></img></center></th>  <th  width="250px"  ><center><a href=C:/HTML Report/test-output/TempScreenShots/TC01_Nationality_Iterration_2_2022_Jul_26_9_48_15_668_AM/26_Jul_2022 9_48_15_710 AM.png target="popup" onclick="window.open('C:/HTML Report/test-output/TempScreenShots/TC01_Nationality_Iterration_2_2022_Jul_26_9_48_15_668_AM/26_Jul_2022 9_48_15_710 AM.png','popup','width=600,height=600'); return false;"> ScreenShot</a> </center></th> <th width="250px"  ><center>2022_Jul_26_9_48_15_878_AM</center></th>  </tr>      
 <tr bgcolor="#ddd"> <th width="100px"> <center>Step&nbsp;2</center> </th> <th width="450px" ><center><b><font color='black'>   Clicked on Nationality </b> </font></center></th> <th width="100px" ><center><img src='file:///C:\HTML Report\HtmlTemplates\passed.ico'    +     "width="30" + height="30"></img></center></th>  <th  width="250px"  ><center><a href=C:/HTML Report/test-output/TempScreenShots/TC01_Nationality_Iterration_2_2022_Jul_26_9_48_15_668_AM/26_Jul_2022 9_48_17_304 AM.png target="popup" onclick="window.open('C:/HTML Report/test-output/TempScreenShots/TC01_Nationality_Iterration_2_2022_Jul_26_9_48_15_668_AM/26_Jul_2022 9_48_17_304 AM.png','popup','width=600,height=600'); return false;"> ScreenShot</a> </center></th> <th width="250px"  ><center>2022_Jul_26_9_48_17_491_AM</center></th>  </tr>      
 <tr bgcolor="#eee"> <th width="100px"> <center>Step&nbsp;3</center> </th> <th width="450px" ><center><b><font color='black'>   Clicked on Nationality Add </b> </font></center></th> <th width="100px" ><center><img src='file:///C:\HTML Report\HtmlTemplates\passed.ico'    +     "width="30" + height="30"></img></center></th>  <th  width="250px"  ><center><a href=C:/HTML Report/test-output/TempScreenShots/TC01_Nationality_Iterration_2_2022_Jul_26_9_48_15_668_AM/26_Jul_2022 9_48_18_658 AM.png target="popup" onclick="window.open('C:/HTML Report/test-output/TempScreenShots/TC01_Nationality_Iterration_2_2022_Jul_26_9_48_15_668_AM/26_Jul_2022 9_48_18_658 AM.png','popup','width=600,height=600'); return false;"> ScreenShot</a> </center></th> <th width="250px"  ><center>2022_Jul_26_9_48_18_850_AM</center></th>  </tr>      
 <tr bgcolor="#ddd"> <th width="100px"> <center>Step&nbsp;4</center> </th> <th width="450px" ><center><b><font color='black'>   Entered Nationality Text</b> </font></center></th> <th width="100px" ><center><img src='file:///C:\HTML Report\HtmlTemplates\passed.ico'    +     "width="30" + height="30"></img></center></th>  <th  width="250px"  ><center><a href=C:/HTML Report/test-output/TempScreenShots/TC01_Nationality_Iterration_2_2022_Jul_26_9_48_15_668_AM/26_Jul_2022 9_48_18_985 AM.png target="popup" onclick="window.open('C:/HTML Report/test-output/TempScreenShots/TC01_Nationality_Iterration_2_2022_Jul_26_9_48_15_668_AM/26_Jul_2022 9_48_18_985 AM.png','popup','width=600,height=600'); return false;"> ScreenShot</a> </center></th> <th width="250px"  ><center>2022_Jul_26_9_48_19_156_AM</center></th>  </tr>      
 <tr bgcolor="#eee"> <th width="100px"> <center>Step&nbsp;5</center> </th> <th width="450px" ><center><b><font color='black'>   Clicked on Nationality Save</b> </font></center></th> <th width="100px" ><center><img src='file:///C:\HTML Report\HtmlTemplates\passed.ico'    +     "width="30" + height="30"></img></center></th>  <th  width="250px"  ><center><a href=C:/HTML Report/test-output/TempScreenShots/TC01_Nationality_Iterration_2_2022_Jul_26_9_48_15_668_AM/26_Jul_2022 9_48_20_493 AM.png target="popup" onclick="window.open('C:/HTML Report/test-output/TempScreenShots/TC01_Nationality_Iterration_2_2022_Jul_26_9_48_15_668_AM/26_Jul_2022 9_48_20_493 AM.png','popup','width=600,height=600'); return false;"> ScreenShot</a> </center></th> <th width="250px"  ><center>2022_Jul_26_9_48_20_701_AM</center></th>  </tr>      
 <tr bgcolor="#ddd"> <th width="100px"> <center>Step&nbsp;6</center> </th> <th width="450px" ><center><b><font color='black'>   Scroll Nationality </b> </font></center></th> <th width="100px" ><center><img src='file:///C:\HTML Report\HtmlTemplates\passed.ico'    +     "width="30" + height="30"></img></center></th>  <th  width="250px"  ><center><a href=C:/HTML Report/test-output/TempScreenShots/TC01_Nationality_Iterration_2_2022_Jul_26_9_48_15_668_AM/26_Jul_2022 9_48_20_843 AM.png target="popup" onclick="window.open('C:/HTML Report/test-output/TempScreenShots/TC01_Nationality_Iterration_2_2022_Jul_26_9_48_15_668_AM/26_Jul_2022 9_48_20_843 AM.png','popup','width=600,height=600'); return false;"> ScreenShot</a> </center></th> <th width="250px"  ><center>2022_Jul_26_9_48_21_015_AM</center></th>  </tr>      ]]>
  </system-out>
</testsuite> <!-- Day_013_TestNG_Paraneters1.BrowserTesting_DataProvider3 -->
