<?xml version="1.0" encoding="UTF-8"?>
<!-- Generated by org.testng.reporters.JUnitReportReporter -->
<testsuite hostname="DESKTOP-BDCU2EV" failures="0" tests="1" name="actionsclass.Rightclick" time="3.806" errors="0" timestamp="2023-02-04T10:32:22 IST" skipped="0">
  <testcase classname="actionsclass.Rightclick" name="mytest" time="3.806"/>
  <system-out/>
</testsuite> <!-- actionsclass.Rightclick -->
