<?xml version="1.0" encoding="UTF-8"?>
<!-- Generated by org.testng.reporters.JUnitReportReporter -->
<testsuite hostname="DESKTOP-BDCU2EV" failures="0" tests="1" name="ABC_ABC1.TC01_Add_Jobs_Non_Static_Parameter" time="25.789" errors="0" timestamp="2023-01-28T10:35:18 IST" skipped="0">
  <testcase classname="ABC_ABC1.TC01_Add_Jobs_Non_Static_Parameter" name="JobsTest" time="25.789"/>
  <system-out/>
</testsuite> <!-- ABC_ABC1.TC01_Add_Jobs_Non_Static_Parameter -->
