<?xml version="1.0" encoding="UTF-8"?>
<!-- Generated by org.testng.reporters.JUnitReportReporter -->
<testsuite hostname="DESKTOP-BDCU2EV" failures="0" tests="1" name="ABC_Data3.TC01_Login1" time="12.509" errors="0" timestamp="2022-08-17T14:51:33 IST" skipped="0">
  <testcase classname="ABC_Data3.TC01_Login1" name="Test2" time="12.509"/>
  <system-out/>
</testsuite> <!-- ABC_Data3.TC01_Login1 -->
