<?xml version="1.0" encoding="UTF-8"?>
<!-- Generated by org.testng.reporters.JUnitReportReporter -->
<testsuite hostname="DESKTOP-BDCU2EV" failures="0" tests="1" name="Day003.TC01_Add_Skills" time="19.755" errors="0" timestamp="2022-09-06T11:13:25 IST" skipped="0">
  <testcase classname="Day003.TC01_Add_Skills" name="SkillsTest" time="19.755"/>
  <system-out/>
</testsuite> <!-- Day003.TC01_Add_Skills -->
