<?xml version="1.0" encoding="UTF-8"?>
<!-- Generated by org.testng.reporters.JUnitReportReporter -->
<testsuite hostname="DESKTOP-BDCU2EV" failures="0" tests="1" name="Basic_Login.NewTest" time="11.865" errors="0" timestamp="2022-07-19T15:00:55 IST" skipped="0">
  <testcase classname="Basic_Login.NewTest" name="MainMethod" time="11.865"/>
  <system-out/>
</testsuite> <!-- Basic_Login.NewTest -->
