<?xml version="1.0" encoding="UTF-8"?>
<!-- Generated by org.testng.reporters.JUnitReportReporter -->
<testsuite hostname="DESKTOP-BDCU2EV" failures="0" tests="1" name="actionsclass.resize" time="4.645" errors="0" timestamp="2023-02-04T10:38:44 IST" skipped="0">
  <testcase classname="actionsclass.resize" name="test" time="4.645"/>
  <system-out/>
</testsuite> <!-- actionsclass.resize -->
