<?xml version="1.0" encoding="UTF-8"?>
<!-- Generated by org.testng.reporters.JUnitReportReporter -->
<testsuite hostname="DESKTOP-BDCU2EV" failures="0" tests="1" name="Headless_Browser.SSL1" time="7.684" errors="0" timestamp="2023-04-20T12:11:09 IST" skipped="0">
  <testcase classname="Headless_Browser.SSL1" name="LoginTest" time="7.684"/>
  <system-out/>
</testsuite> <!-- Headless_Browser.SSL1 -->
