<?xml version="1.0" encoding="UTF-8"?>
<!-- Generated by org.testng.reporters.JUnitReportReporter -->
<testsuite hostname="DESKTOP-C185PLQ" failures="0" tests="1" name="A_dropdown.WithoutselectTag" time="29.989" errors="0" timestamp="2023-06-19T17:54:11 IST" skipped="0">
  <testcase classname="A_dropdown.WithoutselectTag" name="f" time="29.989"/>
  <system-out/>
</testsuite> <!-- A_dropdown.WithoutselectTag -->
