<?xml version="1.0" encoding="UTF-8"?>
<!-- Generated by org.testng.reporters.JUnitReportReporter -->
<testsuite hostname="DESKTOP-BDCU2EV" failures="0" tests="1" name="Day_027_Alerts.AlertDemo" time="20.175" errors="0" timestamp="2022-09-20T11:06:01 IST" skipped="0">
  <testcase classname="Day_027_Alerts.AlertDemo" name="testWebAlert" time="20.175"/>
  <system-out/>
</testsuite> <!-- Day_027_Alerts.AlertDemo -->
