<?xml version="1.0" encoding="UTF-8"?>
<!-- Generated by org.testng.reporters.JUnitReportReporter -->
<testsuite hostname="DESKTOP-BDCU2EV" failures="0" tests="1" name="A_javascriptexe.highlighting" time="8.969" errors="0" timestamp="2023-02-17T10:52:56 IST" skipped="0">
  <testcase classname="A_javascriptexe.highlighting" name="samp" time="8.969"/>
  <system-out/>
</testsuite> <!-- A_javascriptexe.highlighting -->
